{"meta": {"format": 3, "version": "7.10.7", "timestamp": "2026-05-14T21:48:44.756155", "branch_coverage": true, "show_contexts": false}, "files": {"dagnam\\__init__.py": {"executed_lines": [1, 3, 5, 6, 7, 8, 9, 10, 11, 21, 22, 23, 24, 25, 27, 29], "summary": {"covered_lines": 15, "num_statements": 15, "percent_covered": 100.0, "percent_covered_display": "100", "missing_lines": 0, "excluded_lines": 0, "num_branches": 0, "num_partial_branches": 0, "covered_branches": 0, "missing_branches": 0}, "missing_lines": [], "excluded_lines": [], "executed_branches": [], "missing_branches": [], "functions": {"": {"executed_lines": [1, 3, 5, 6, 7, 8, 9, 10, 11, 21, 22, 23, 24, 25, 27, 29], "summary": {"covered_lines": 15, "num_statements": 15, "percent_covered": 100.0, "percent_covered_display": "100", "missing_lines": 0, "excluded_lines": 0, "num_branches": 0, "num_partial_branches": 0, "covered_branches": 0, "missing_branches": 0}, "missing_lines": [], "excluded_lines": [], "executed_branches": [], "missing_branches": []}}, "classes": {"": {"executed_lines": [1, 3, 5, 6, 7, 8, 9, 10, 11, 21, 22, 23, 24, 25, 27, 29], "summary": {"covered_lines": 15, "num_statements": 15, "percent_covered": 100.0, "percent_covered_display": "100", "missing_lines": 0, "excluded_lines": 0, "num_branches": 0, "num_partial_branches": 0, "covered_branches": 0, "missing_branches": 0}, "missing_lines": [], "excluded_lines": [], "executed_branches": [], "missing_branches": []}}}, "dagnam\\_core\\__init__.py": {"executed_lines": [1, 3, 5, 6, 10, 12], "summary": {"covered_lines": 5, "num_statements": 7, "percent_covered": 71.42857142857143, "percent_covered_display": "71", "missing_lines": 2, "excluded_lines": 0, "num_branches": 0, "num_partial_branches": 0, "covered_branches": 0, "missing_branches": 0}, "missing_lines": [7, 8], "excluded_lines": [], "executed_branches": [], "missing_branches": [], "functions": {"": {"executed_lines": [1, 3, 5, 6, 10, 12], "summary": {"covered_lines": 5, "num_statements": 7, "percent_covered": 71.42857142857143, "percent_covered_display": "71", "missing_lines": 2, "excluded_lines": 0, "num_branches": 0, "num_partial_branches": 0, "covered_branches": 0, "missing_branches": 0}, "missing_lines": [7, 8], "excluded_lines": [], "executed_branches": [], "missing_branches": []}}, "classes": {"": {"executed_lines": [1, 3, 5, 6, 10, 12], "summary": {"covered_lines": 5, "num_statements": 7, "percent_covered": 71.42857142857143, "percent_covered_display": "71", "missing_lines": 2, "excluded_lines": 0, "num_branches": 0, "num_partial_branches": 0, "covered_branches": 0, "missing_branches": 0}, "missing_lines": [7, 8], "excluded_lines": [], "executed_branches": [], "missing_branches": []}}}, "dagnam\\_core\\_common.py": {"executed_lines": [], "summary": {"covered_lines": 0, "num_statements": 1, "percent_covered": 0.0, "percent_covered_display": "0", "missing_lines": 1, "excluded_lines": 0, "num_branches": 0, "num_partial_branches": 0, "covered_branches": 0, "missing_branches": 0}, "missing_lines": [3], "excluded_lines": [], "executed_branches": [], "missing_branches": [], "functions": {"": {"executed_lines": [], "summary": {"covered_lines": 0, "num_statements": 1, "percent_covered": 0.0, "percent_covered_display": "0", "missing_lines": 1, "excluded_lines": 0, "num_branches": 0, "num_partial_branches": 0, "covered_branches": 0, "missing_branches": 0}, "missing_lines": [3], "excluded_lines": [], "executed_branches": [], "missing_branches": []}}, "classes": {"": {"executed_lines": [], "summary": {"covered_lines": 0, "num_statements": 1, "percent_covered": 0.0, "percent_covered_display": "0", "missing_lines": 1, "excluded_lines": 0, "num_branches": 0, "num_partial_branches": 0, "covered_branches": 0, "missing_branches": 0}, "missing_lines": [3], "excluded_lines": [], "executed_branches": [], "missing_branches": []}}}, "dagnam\\_core\\_resolver.py": {"executed_lines": [], "summary": {"covered_lines": 0, "num_statements": 1, "percent_covered": 0.0, "percent_covered_display": "0", "missing_lines": 1, "excluded_lines": 0, "num_branches": 0, "num_partial_branches": 0, "covered_branches": 0, "missing_branches": 0}, "missing_lines": [3], "excluded_lines": [], "executed_branches": [], "missing_branches": [], "functions": {"": {"executed_lines": [], "summary": {"covered_lines": 0, "num_statements": 1, "percent_covered": 0.0, "percent_covered_display": "0", "missing_lines": 1, "excluded_lines": 0, "num_branches": 0, "num_partial_branches": 0, "covered_branches": 0, "missing_branches": 0}, "missing_lines": [3], "excluded_lines": [], "executed_branches": [], "missing_branches": []}}, "classes": {"": {"executed_lines": [], "summary": {"covered_lines": 0, "num_statements": 1, "percent_covered": 0.0, "percent_covered_display": "0", "missing_lines": 1, "excluded_lines": 0, "num_branches": 0, "num_partial_branches": 0, "covered_branches": 0, "missing_branches": 0}, "missing_lines": [3], "excluded_lines": [], "executed_branches": [], "missing_branches": []}}}, "dagnam\\_core\\_sse.py": {"executed_lines": [], "summary": {"covered_lines": 0, "num_statements": 1, "percent_covered": 0.0, "percent_covered_display": "0", "missing_lines": 1, "excluded_lines": 0, "num_branches": 0, "num_partial_branches": 0, "covered_branches": 0, "missing_branches": 0}, "missing_lines": [3], "excluded_lines": [], "executed_branches": [], "missing_branches": [], "functions": {"": {"executed_lines": [], "summary": {"covered_lines": 0, "num_statements": 1, "percent_covered": 0.0, "percent_covered_display": "0", "missing_lines": 1, "excluded_lines": 0, "num_branches": 0, "num_partial_branches": 0, "covered_branches": 0, "missing_branches": 0}, "missing_lines": [3], "excluded_lines": [], "executed_branches": [], "missing_branches": []}}, "classes": {"": {"executed_lines": [], "summary": {"covered_lines": 0, "num_statements": 1, "percent_covered": 0.0, "percent_covered_display": "0", "missing_lines": 1, "excluded_lines": 0, "num_branches": 0, "num_partial_branches": 0, "covered_branches": 0, "missing_branches": 0}, "missing_lines": [3], "excluded_lines": [], "executed_branches": [], "missing_branches": []}}}, "dagnam\\_core\\aio\\__init__.py": {"executed_lines": [1, 3, 5, 6, 7, 8, 9, 10, 11, 12, 15, 25, 28], "summary": {"covered_lines": 11, "num_statements": 11, "percent_covered": 100.0, "percent_covered_display": "100", "missing_lines": 0, "excluded_lines": 0, "num_branches": 0, "num_partial_branches": 0, "covered_branches": 0, "missing_branches": 0}, "missing_lines": [], "excluded_lines": [], "executed_branches": [], "missing_branches": [], "functions": {"": {"executed_lines": [1, 3, 5, 6, 7, 8, 9, 10, 11, 12, 15, 25, 28], "summary": {"covered_lines": 11, "num_statements": 11, "percent_covered": 100.0, "percent_covered_display": "100", "missing_lines": 0, "excluded_lines": 0, "num_branches": 0, "num_partial_branches": 0, "covered_branches": 0, "missing_branches": 0}, "missing_lines": [], "excluded_lines": [], "executed_branches": [], "missing_branches": []}}, "classes": {"AsyncDagnamClient": {"executed_lines": [], "summary": {"covered_lines": 0, "num_statements": 0, "percent_covered": 100.0, "percent_covered_display": "100", "missing_lines": 0, "excluded_lines": 0, "num_branches": 0, "num_partial_branches": 0, "covered_branches": 0, "missing_branches": 0}, "missing_lines": [], "excluded_lines": [], "executed_branches": [], "missing_branches": []}, "": {"executed_lines": [1, 3, 5, 6, 7, 8, 9, 10, 11, 12, 15, 25, 28], "summary": {"covered_lines": 11, "num_statements": 11, "percent_covered": 100.0, "percent_covered_display": "100", "missing_lines": 0, "excluded_lines": 0, "num_branches": 0, "num_partial_branches": 0, "covered_branches": 0, "missing_branches": 0}, "missing_lines": [], "excluded_lines": [], "executed_branches": [], "missing_branches": []}}}, "dagnam\\_core\\aio\\base.py": {"executed_lines": [1, 3, 5, 6, 12, 13, 15, 16, 18, 19, 29, 30, 32, 43, 46, 49, 52, 55, 85, 97, 99, 101, 102, 105, 106, 107, 108, 109, 115], "summary": {"covered_lines": 27, "num_statements": 54, "percent_covered": 45.3125, "percent_covered_display": "45", "missing_lines": 27, "excluded_lines": 0, "num_branches": 10, "num_partial_branches": 2, "covered_branches": 2, "missing_branches": 8}, "missing_lines": [7, 8, 38, 39, 40, 41, 44, 47, 50, 53, 67, 68, 69, 79, 80, 81, 82, 87, 88, 89, 90, 91, 92, 93, 94, 100, 116], "excluded_lines": [], "executed_branches": [[99, 101], [109, 115]], "missing_branches": [[87, 88], [87, 89], [90, 91], [90, 92], [92, 93], [92, 94], [99, 100], [109, 116]], "functions": {"BaseAsyncDagnamClient.__init__": {"executed_lines": [], "summary": {"covered_lines": 0, "num_statements": 4, "percent_covered": 0.0, "percent_covered_display": "0", "missing_lines": 4, "excluded_lines": 0, "num_branches": 0, "num_partial_branches": 0, "covered_branches": 0, "missing_branches": 0}, "missing_lines": [38, 39, 40, 41], "excluded_lines": [], "executed_branches": [], "missing_branches": []}, "BaseAsyncDagnamClient.__aenter__": {"executed_lines": [], "summary": {"covered_lines": 0, "num_statements": 1, "percent_covered": 0.0, "percent_covered_display": "0", "missing_lines": 1, "excluded_lines": 0, "num_branches": 0, "num_partial_branches": 0, "covered_branches": 0, "missing_branches": 0}, "missing_lines": [44], "excluded_lines": [], "executed_branches": [], "missing_branches": []}, "BaseAsyncDagnamClient.__aexit__": {"executed_lines": [], "summary": {"covered_lines": 0, "num_statements": 1, "percent_covered": 0.0, "percent_covered_display": "0", "missing_lines": 1, "excluded_lines": 0, "num_branches": 0, "num_partial_branches": 0, "covered_branches": 0, "missing_branches": 0}, "missing_lines": [47], "excluded_lines": [], "executed_branches": [], "missing_branches": []}, "BaseAsyncDagnamClient._headers": {"executed_lines": [], "summary": {"covered_lines": 0, "num_statements": 1, "percent_covered": 0.0, "percent_covered_display": "0", "missing_lines": 1, "excluded_lines": 0, "num_branches": 0, "num_partial_branches": 0, "covered_branches": 0, "missing_branches": 0}, "missing_lines": [50], "excluded_lines": [], "executed_branches": [], "missing_branches": []}, "BaseAsyncDagnamClient._inference_headers": {"executed_lines": [], "summary": {"covered_lines": 0, "num_statements": 1, "percent_covered": 0.0, "percent_covered_display": "0", "missing_lines": 1, "excluded_lines": 0, "num_branches": 0, "num_partial_branches": 0, "covered_branches": 0, "missing_branches": 0}, "missing_lines": [53], "excluded_lines": [], "executed_branches": [], "missing_branches": []}, "BaseAsyncDagnamClient._request": {"executed_lines": [], "summary": {"covered_lines": 0, "num_statements": 7, "percent_covered": 0.0, "percent_covered_display": "0", "missing_lines": 7, "excluded_lines": 0, "num_branches": 0, "num_partial_branches": 0, "covered_branches": 0, "missing_branches": 0}, "missing_lines": [67, 68, 69, 79, 80, 81, 82], "excluded_lines": [], "executed_branches": [], "missing_branches": []}, "_raise_for_job": {"executed_lines": [], "summary": {"covered_lines": 0, "num_statements": 8, "percent_covered": 0.0, "percent_covered_display": "0", "missing_lines": 8, "excluded_lines": 0, "num_branches": 6, "num_partial_branches": 0, "covered_branches": 0, "missing_branches": 6}, "missing_lines": [87, 88, 89, 90, 91, 92, 93, 94], "excluded_lines": [], "executed_branches": [], "missing_branches": [[87, 88], [87, 89], [90, 91], [90, 92], [92, 93], [92, 94]]}, "_parse_cd": {"executed_lines": [99, 101, 102], "summary": {"covered_lines": 3, "num_statements": 4, "percent_covered": 66.66666666666667, "percent_covered_display": "67", "missing_lines": 1, "excluded_lines": 0, "num_branches": 2, "num_partial_branches": 1, "covered_branches": 1, "missing_branches": 1}, "missing_lines": [100], "excluded_lines": [], "executed_branches": [[99, 101]], "missing_branches": [[99, 100]]}, "_sanitize_filename": {"executed_lines": [106, 107, 108, 109, 115], "summary": {"covered_lines": 5, "num_statements": 6, "percent_covered": 75.0, "percent_covered_display": "75", "missing_lines": 1, "excluded_lines": 0, "num_branches": 2, "num_partial_branches": 1, "covered_branches": 1, "missing_branches": 1}, "missing_lines": [116], "excluded_lines": [], "executed_branches": [[109, 115]], "missing_branches": [[109, 116]]}, "": {"executed_lines": [1, 3, 5, 6, 12, 13, 15, 16, 18, 19, 29, 30, 32, 43, 46, 49, 52, 55, 85, 97, 105], "summary": {"covered_lines": 19, "num_statements": 21, "percent_covered": 90.47619047619048, "percent_covered_display": "90", "missing_lines": 2, "excluded_lines": 0, "num_branches": 0, "num_partial_branches": 0, "covered_branches": 0, "missing_branches": 0}, "missing_lines": [7, 8], "excluded_lines": [], "executed_branches": [], "missing_branches": []}}, "classes": {"BaseAsyncDagnamClient": {"executed_lines": [], "summary": {"covered_lines": 0, "num_statements": 15, "percent_covered": 0.0, "percent_covered_display": "0", "missing_lines": 15, "excluded_lines": 0, "num_branches": 0, "num_partial_branches": 0, "covered_branches": 0, "missing_branches": 0}, "missing_lines": [38, 39, 40, 41, 44, 47, 50, 53, 67, 68, 69, 79, 80, 81, 82], "excluded_lines": [], "executed_branches": [], "missing_branches": []}, "": {"executed_lines": [1, 3, 5, 6, 12, 13, 15, 16, 18, 19, 29, 30, 32, 43, 46, 49, 52, 55, 85, 97, 99, 101, 102, 105, 106, 107, 108, 109, 115], "summary": {"covered_lines": 27, "num_statements": 39, "percent_covered": 59.183673469387756, "percent_covered_display": "59", "missing_lines": 12, "excluded_lines": 0, "num_branches": 10, "num_partial_branches": 2, "covered_branches": 2, "missing_branches": 8}, "missing_lines": [7, 8, 87, 88, 89, 90, 91, 92, 93, 94, 100, 116], "excluded_lines": [], "executed_branches": [[99, 101], [109, 115]], "missing_branches": [[87, 88], [87, 89], [90, 91], [90, 92], [92, 93], [92, 94], [99, 100], [109, 116]]}}}, "dagnam\\_core\\aio\\checkpoints.py": {"executed_lines": [1, 3, 5, 7, 8, 9, 12, 13, 15, 22], "summary": {"covered_lines": 8, "num_statements": 24, "percent_covered": 26.666666666666668, "percent_covered_display": "27", "missing_lines": 16, "excluded_lines": 0, "num_branches": 6, "num_partial_branches": 0, "covered_branches": 0, "missing_branches": 6}, "missing_lines": [16, 19, 20, 25, 32, 33, 34, 35, 36, 37, 38, 39, 40, 41, 42, 43], "excluded_lines": [], "executed_branches": [], "missing_branches": [[32, 33], [32, 39], [34, 35], [34, 36], [36, 37], [36, 38]], "functions": {"AsyncCheckpointsMixin.list_checkpoints": {"executed_lines": [], "summary": {"covered_lines": 0, "num_statements": 3, "percent_covered": 0.0, "percent_covered_display": "0", "missing_lines": 3, "excluded_lines": 0, "num_branches": 0, "num_partial_branches": 0, "covered_branches": 0, "missing_branches": 0}, "missing_lines": [16, 19, 20], "excluded_lines": [], "executed_branches": [], "missing_branches": []}, "AsyncCheckpointsMixin.download_checkpoint": {"executed_lines": [], "summary": {"covered_lines": 0, "num_statements": 13, "percent_covered": 0.0, "percent_covered_display": "0", "missing_lines": 13, "excluded_lines": 0, "num_branches": 6, "num_partial_branches": 0, "covered_branches": 0, "missing_branches": 6}, "missing_lines": [25, 32, 33, 34, 35, 36, 37, 38, 39, 40, 41, 42, 43], "excluded_lines": [], "executed_branches": [], "missing_branches": [[32, 33], [32, 39], [34, 35], [34, 36], [36, 37], [36, 38]]}, "": {"executed_lines": [1, 3, 5, 7, 8, 9, 12, 13, 15, 22], "summary": {"covered_lines": 8, "num_statements": 8, "percent_covered": 100.0, "percent_covered_display": "100", "missing_lines": 0, "excluded_lines": 0, "num_branches": 0, "num_partial_branches": 0, "covered_branches": 0, "missing_branches": 0}, "missing_lines": [], "excluded_lines": [], "executed_branches": [], "missing_branches": []}}, "classes": {"AsyncCheckpointsMixin": {"executed_lines": [], "summary": {"covered_lines": 0, "num_statements": 16, "percent_covered": 0.0, "percent_covered_display": "0", "missing_lines": 16, "excluded_lines": 0, "num_branches": 6, "num_partial_branches": 0, "covered_branches": 0, "missing_branches": 6}, "missing_lines": [16, 19, 20, 25, 32, 33, 34, 35, 36, 37, 38, 39, 40, 41, 42, 43], "excluded_lines": [], "executed_branches": [], "missing_branches": [[32, 33], [32, 39], [34, 35], [34, 36], [36, 37], [36, 38]]}, "": {"executed_lines": [1, 3, 5, 7, 8, 9, 12, 13, 15, 22], "summary": {"covered_lines": 8, "num_statements": 8, "percent_covered": 100.0, "percent_covered_display": "100", "missing_lines": 0, "excluded_lines": 0, "num_branches": 0, "num_partial_branches": 0, "covered_branches": 0, "missing_branches": 0}, "missing_lines": [], "excluded_lines": [], "executed_branches": [], "missing_branches": []}}}, "dagnam\\_core\\aio\\codegen.py": {"executed_lines": [1, 3, 5, 6, 8, 11, 12, 14, 31, 55, 65, 71, 74, 95, 109], "summary": {"covered_lines": 13, "num_statements": 49, "percent_covered": 20.634920634920636, "percent_covered_display": "21", "missing_lines": 36, "excluded_lines": 0, "num_branches": 14, "num_partial_branches": 0, "covered_branches": 0, "missing_branches": 14}, "missing_lines": [22, 23, 24, 25, 26, 27, 28, 29, 41, 42, 43, 44, 45, 46, 47, 48, 58, 59, 60, 61, 66, 67, 72, 81, 82, 83, 84, 87, 88, 89, 90, 91, 92, 93, 102, 110], "excluded_lines": [], "executed_branches": [], "missing_branches": [[24, 25], [24, 26], [41, 42], [41, 47], [43, 44], [43, 45], [45, 46], [45, 47], [59, 60], [59, 61], [82, 83], [82, 84], [88, 89], [88, 93]], "functions": {"AsyncCodegenMixin._codegen_req": {"executed_lines": [], "summary": {"covered_lines": 0, "num_statements": 8, "percent_covered": 0.0, "percent_covered_display": "0", "missing_lines": 8, "excluded_lines": 0, "num_branches": 2, "num_partial_branches": 0, "covered_branches": 0, "missing_branches": 2}, "missing_lines": [22, 23, 24, 25, 26, 27, 28, 29], "excluded_lines": [], "executed_branches": [], "missing_branches": [[24, 25], [24, 26]]}, "AsyncCodegenMixin.generate_code": {"executed_lines": [], "summary": {"covered_lines": 0, "num_statements": 8, "percent_covered": 0.0, "percent_covered_display": "0", "missing_lines": 8, "excluded_lines": 0, "num_branches": 6, "num_partial_branches": 0, "covered_branches": 0, "missing_branches": 6}, "missing_lines": [41, 42, 43, 44, 45, 46, 47, 48], "excluded_lines": [], "executed_branches": [], "missing_branches": [[41, 42], [41, 47], [43, 44], [43, 45], [45, 46], [45, 47]]}, "AsyncCodegenMixin.preview_code": {"executed_lines": [], "summary": {"covered_lines": 0, "num_statements": 4, "percent_covered": 0.0, "percent_covered_display": "0", "missing_lines": 4, "excluded_lines": 0, "num_branches": 2, "num_partial_branches": 0, "covered_branches": 0, "missing_branches": 2}, "missing_lines": [58, 59, 60, 61], "excluded_lines": [], "executed_branches": [], "missing_branches": [[59, 60], [59, 61]]}, "AsyncCodegenMixin.validate_code": {"executed_lines": [], "summary": {"covered_lines": 0, "num_statements": 2, "percent_covered": 0.0, "percent_covered_display": "0", "missing_lines": 2, "excluded_lines": 0, "num_branches": 0, "num_partial_branches": 0, "covered_branches": 0, "missing_branches": 0}, "missing_lines": [66, 67], "excluded_lines": [], "executed_branches": [], "missing_branches": []}, "AsyncCodegenMixin.validate_architecture": {"executed_lines": [], "summary": {"covered_lines": 0, "num_statements": 1, "percent_covered": 0.0, "percent_covered_display": "0", "missing_lines": 1, "excluded_lines": 0, "num_branches": 0, "num_partial_branches": 0, "covered_branches": 0, "missing_branches": 0}, "missing_lines": [72], "excluded_lines": [], "executed_branches": [], "missing_branches": []}, "AsyncCodegenMixin.download_code": {"executed_lines": [], "summary": {"covered_lines": 0, "num_statements": 11, "percent_covered": 0.0, "percent_covered_display": "0", "missing_lines": 11, "excluded_lines": 0, "num_branches": 4, "num_partial_branches": 0, "covered_branches": 0, "missing_branches": 4}, "missing_lines": [81, 82, 83, 84, 87, 88, 89, 90, 91, 92, 93], "excluded_lines": [], "executed_branches": [], "missing_branches": [[82, 83], [82, 84], [88, 89], [88, 93]]}, "AsyncCodegenMixin.download_code_zip": {"executed_lines": [], "summary": {"covered_lines": 0, "num_statements": 1, "percent_covered": 0.0, "percent_covered_display": "0", "missing_lines": 1, "excluded_lines": 0, "num_branches": 0, "num_partial_branches": 0, "covered_branches": 0, "missing_branches": 0}, "missing_lines": [102], "excluded_lines": [], "executed_branches": [], "missing_branches": []}, "AsyncCodegenMixin.get_code_status": {"executed_lines": [], "summary": {"covered_lines": 0, "num_statements": 1, "percent_covered": 0.0, "percent_covered_display": "0", "missing_lines": 1, "excluded_lines": 0, "num_branches": 0, "num_partial_branches": 0, "covered_branches": 0, "missing_branches": 0}, "missing_lines": [110], "excluded_lines": [], "executed_branches": [], "missing_branches": []}, "": {"executed_lines": [1, 3, 5, 6, 8, 11, 12, 14, 31, 55, 65, 71, 74, 95, 109], "summary": {"covered_lines": 13, "num_statements": 13, "percent_covered": 100.0, "percent_covered_display": "100", "missing_lines": 0, "excluded_lines": 0, "num_branches": 0, "num_partial_branches": 0, "covered_branches": 0, "missing_branches": 0}, "missing_lines": [], "excluded_lines": [], "executed_branches": [], "missing_branches": []}}, "classes": {"AsyncCodegenMixin": {"executed_lines": [], "summary": {"covered_lines": 0, "num_statements": 36, "percent_covered": 0.0, "percent_covered_display": "0", "missing_lines": 36, "excluded_lines": 0, "num_branches": 14, "num_partial_branches": 0, "covered_branches": 0, "missing_branches": 14}, "missing_lines": [22, 23, 24, 25, 26, 27, 28, 29, 41, 42, 43, 44, 45, 46, 47, 48, 58, 59, 60, 61, 66, 67, 72, 81, 82, 83, 84, 87, 88, 89, 90, 91, 92, 93, 102, 110], "excluded_lines": [], "executed_branches": [], "missing_branches": [[24, 25], [24, 26], [41, 42], [41, 47], [43, 44], [43, 45], [45, 46], [45, 47], [59, 60], [59, 61], [82, 83], [82, 84], [88, 89], [88, 93]]}, "": {"executed_lines": [1, 3, 5, 6, 8, 11, 12, 14, 31, 55, 65, 71, 74, 95, 109], "summary": {"covered_lines": 13, "num_statements": 13, "percent_covered": 100.0, "percent_covered_display": "100", "missing_lines": 0, "excluded_lines": 0, "num_branches": 0, "num_partial_branches": 0, "covered_branches": 0, "missing_branches": 0}, "missing_lines": [], "excluded_lines": [], "executed_branches": [], "missing_branches": []}}}, "dagnam\\_core\\aio\\datasets.py": {"executed_lines": [1, 3, 5, 7, 8, 16, 17, 19, 27, 32, 37, 44, 55, 66, 100, 122], "summary": {"covered_lines": 14, "num_statements": 63, "percent_covered": 19.718309859154928, "percent_covered_display": "20", "missing_lines": 49, "excluded_lines": 0, "num_branches": 8, "num_partial_branches": 0, "covered_branches": 0, "missing_branches": 8}, "missing_lines": [20, 21, 22, 23, 24, 25, 28, 29, 30, 33, 34, 35, 38, 41, 42, 45, 48, 49, 50, 51, 52, 53, 56, 59, 60, 61, 62, 63, 64, 76, 82, 83, 84, 85, 87, 88, 89, 90, 97, 98, 109, 116, 117, 118, 119, 120, 123, 124, 125], "excluded_lines": [], "executed_branches": [], "missing_branches": [[21, 22], [21, 23], [82, 83], [82, 84], [84, 85], [84, 87], [116, 117], [116, 118]], "functions": {"AsyncDatasetsMixin.list_datasets": {"executed_lines": [], "summary": {"covered_lines": 0, "num_statements": 6, "percent_covered": 0.0, "percent_covered_display": "0", "missing_lines": 6, "excluded_lines": 0, "num_branches": 2, "num_partial_branches": 0, "covered_branches": 0, "missing_branches": 2}, "missing_lines": [20, 21, 22, 23, 24, 25], "excluded_lines": [], "executed_branches": [], "missing_branches": [[21, 22], [21, 23]]}, "AsyncDatasetsMixin.get_dataset_meta": {"executed_lines": [], "summary": {"covered_lines": 0, "num_statements": 3, "percent_covered": 0.0, "percent_covered_display": "0", "missing_lines": 3, "excluded_lines": 0, "num_branches": 0, "num_partial_branches": 0, "covered_branches": 0, "missing_branches": 0}, "missing_lines": [28, 29, 30], "excluded_lines": [], "executed_branches": [], "missing_branches": []}, "AsyncDatasetsMixin.list_system_datasets": {"executed_lines": [], "summary": {"covered_lines": 0, "num_statements": 3, "percent_covered": 0.0, "percent_covered_display": "0", "missing_lines": 3, "excluded_lines": 0, "num_branches": 0, "num_partial_branches": 0, "covered_branches": 0, "missing_branches": 0}, "missing_lines": [33, 34, 35], "excluded_lines": [], "executed_branches": [], "missing_branches": []}, "AsyncDatasetsMixin.get_system_dataset_meta": {"executed_lines": [], "summary": {"covered_lines": 0, "num_statements": 3, "percent_covered": 0.0, "percent_covered_display": "0", "missing_lines": 3, "excluded_lines": 0, "num_branches": 0, "num_partial_branches": 0, "covered_branches": 0, "missing_branches": 0}, "missing_lines": [38, 41, 42], "excluded_lines": [], "executed_branches": [], "missing_branches": []}, "AsyncDatasetsMixin.download_dataset": {"executed_lines": [], "summary": {"covered_lines": 0, "num_statements": 7, "percent_covered": 0.0, "percent_covered_display": "0", "missing_lines": 7, "excluded_lines": 0, "num_branches": 0, "num_partial_branches": 0, "covered_branches": 0, "missing_branches": 0}, "missing_lines": [45, 48, 49, 50, 51, 52, 53], "excluded_lines": [], "executed_branches": [], "missing_branches": []}, "AsyncDatasetsMixin.download_system_dataset": {"executed_lines": [], "summary": {"covered_lines": 0, "num_statements": 7, "percent_covered": 0.0, "percent_covered_display": "0", "missing_lines": 7, "excluded_lines": 0, "num_branches": 0, "num_partial_branches": 0, "covered_branches": 0, "missing_branches": 0}, "missing_lines": [56, 59, 60, 61, 62, 63, 64], "excluded_lines": [], "executed_branches": [], "missing_branches": []}, "AsyncDatasetsMixin.upload_dataset": {"executed_lines": [], "summary": {"covered_lines": 0, "num_statements": 11, "percent_covered": 0.0, "percent_covered_display": "0", "missing_lines": 11, "excluded_lines": 0, "num_branches": 4, "num_partial_branches": 0, "covered_branches": 0, "missing_branches": 4}, "missing_lines": [76, 82, 83, 84, 85, 87, 88, 89, 90, 97, 98], "excluded_lines": [], "executed_branches": [], "missing_branches": [[82, 83], [82, 84], [84, 85], [84, 87]]}, "AsyncDatasetsMixin.upload_dataset_from_url": {"executed_lines": [], "summary": {"covered_lines": 0, "num_statements": 6, "percent_covered": 0.0, "percent_covered_display": "0", "missing_lines": 6, "excluded_lines": 0, "num_branches": 2, "num_partial_branches": 0, "covered_branches": 0, "missing_branches": 2}, "missing_lines": [109, 116, 117, 118, 119, 120], "excluded_lines": [], "executed_branches": [], "missing_branches": [[116, 117], [116, 118]]}, "AsyncDatasetsMixin.get_dataset_task_status": {"executed_lines": [], "summary": {"covered_lines": 0, "num_statements": 3, "percent_covered": 0.0, "percent_covered_display": "0", "missing_lines": 3, "excluded_lines": 0, "num_branches": 0, "num_partial_branches": 0, "covered_branches": 0, "missing_branches": 0}, "missing_lines": [123, 124, 125], "excluded_lines": [], "executed_branches": [], "missing_branches": []}, "": {"executed_lines": [1, 3, 5, 7, 8, 16, 17, 19, 27, 32, 37, 44, 55, 66, 100, 122], "summary": {"covered_lines": 14, "num_statements": 14, "percent_covered": 100.0, "percent_covered_display": "100", "missing_lines": 0, "excluded_lines": 0, "num_branches": 0, "num_partial_branches": 0, "covered_branches": 0, "missing_branches": 0}, "missing_lines": [], "excluded_lines": [], "executed_branches": [], "missing_branches": []}}, "classes": {"AsyncDatasetsMixin": {"executed_lines": [], "summary": {"covered_lines": 0, "num_statements": 49, "percent_covered": 0.0, "percent_covered_display": "0", "missing_lines": 49, "excluded_lines": 0, "num_branches": 8, "num_partial_branches": 0, "covered_branches": 0, "missing_branches": 8}, "missing_lines": [20, 21, 22, 23, 24, 25, 28, 29, 30, 33, 34, 35, 38, 41, 42, 45, 48, 49, 50, 51, 52, 53, 56, 59, 60, 61, 62, 63, 64, 76, 82, 83, 84, 85, 87, 88, 89, 90, 97, 98, 109, 116, 117, 118, 119, 120, 123, 124, 125], "excluded_lines": [], "executed_branches": [], "missing_branches": [[21, 22], [21, 23], [82, 83], [82, 84], [84, 85], [84, 87], [116, 117], [116, 118]]}, "": {"executed_lines": [1, 3, 5, 7, 8, 16, 17, 19, 27, 32, 37, 44, 55, 66, 100, 122], "summary": {"covered_lines": 14, "num_statements": 14, "percent_covered": 100.0, "percent_covered_display": "100", "missing_lines": 0, "excluded_lines": 0, "num_branches": 0, "num_partial_branches": 0, "covered_branches": 0, "missing_branches": 0}, "missing_lines": [], "excluded_lines": [], "executed_branches": [], "missing_branches": []}}}, "dagnam\\_core\\aio\\deployments.py": {"executed_lines": [1, 3, 5, 7, 10, 11, 13, 32, 53, 60, 63, 71, 78, 85, 92, 100, 108, 116, 143], "summary": {"covered_lines": 17, "num_statements": 55, "percent_covered": 23.28767123287671, "percent_covered_display": "23", "missing_lines": 38, "excluded_lines": 0, "num_branches": 18, "num_partial_branches": 0, "covered_branches": 0, "missing_branches": 18}, "missing_lines": [23, 24, 25, 26, 27, 28, 29, 30, 42, 43, 44, 45, 46, 47, 48, 49, 50, 51, 54, 61, 64, 72, 79, 86, 93, 101, 109, 127, 128, 129, 130, 131, 132, 133, 134, 135, 136, 144], "excluded_lines": [], "executed_branches": [], "missing_branches": [[25, 26], [25, 27], [43, 44], [43, 45], [45, 46], [45, 47], [47, 48], [47, 49], [49, 50], [49, 51], [128, 129], [128, 130], [130, 131], [130, 132], [132, 133], [132, 134], [134, 135], [134, 136]], "functions": {"AsyncDeploymentsMixin._deployment_req": {"executed_lines": [], "summary": {"covered_lines": 0, "num_statements": 8, "percent_covered": 0.0, "percent_covered_display": "0", "missing_lines": 8, "excluded_lines": 0, "num_branches": 2, "num_partial_branches": 0, "covered_branches": 0, "missing_branches": 2}, "missing_lines": [23, 24, 25, 26, 27, 28, 29, 30], "excluded_lines": [], "executed_branches": [], "missing_branches": [[25, 26], [25, 27]]}, "AsyncDeploymentsMixin.list_deployments": {"executed_lines": [], "summary": {"covered_lines": 0, "num_statements": 10, "percent_covered": 0.0, "percent_covered_display": "0", "missing_lines": 10, "excluded_lines": 0, "num_branches": 8, "num_partial_branches": 0, "covered_branches": 0, "missing_branches": 8}, "missing_lines": [42, 43, 44, 45, 46, 47, 48, 49, 50, 51], "excluded_lines": [], "executed_branches": [], "missing_branches": [[43, 44], [43, 45], [45, 46], [45, 47], [47, 48], [47, 49], [49, 50], [49, 51]]}, "AsyncDeploymentsMixin.get_deployment": {"executed_lines": [], "summary": {"covered_lines": 0, "num_statements": 1, "percent_covered": 0.0, "percent_covered_display": "0", "missing_lines": 1, "excluded_lines": 0, "num_branches": 0, "num_partial_branches": 0, "covered_branches": 0, "missing_branches": 0}, "missing_lines": [54], "excluded_lines": [], "executed_branches": [], "missing_branches": []}, "AsyncDeploymentsMixin.create_deployment": {"executed_lines": [], "summary": {"covered_lines": 0, "num_statements": 1, "percent_covered": 0.0, "percent_covered_display": "0", "missing_lines": 1, "excluded_lines": 0, "num_branches": 0, "num_partial_branches": 0, "covered_branches": 0, "missing_branches": 0}, "missing_lines": [61], "excluded_lines": [], "executed_branches": [], "missing_branches": []}, "AsyncDeploymentsMixin.update_deployment": {"executed_lines": [], "summary": {"covered_lines": 0, "num_statements": 1, "percent_covered": 0.0, "percent_covered_display": "0", "missing_lines": 1, "excluded_lines": 0, "num_branches": 0, "num_partial_branches": 0, "covered_branches": 0, "missing_branches": 0}, "missing_lines": [64], "excluded_lines": [], "executed_branches": [], "missing_branches": []}, "AsyncDeploymentsMixin.delete_deployment": {"executed_lines": [], "summary": {"covered_lines": 0, "num_statements": 1, "percent_covered": 0.0, "percent_covered_display": "0", "missing_lines": 1, "excluded_lines": 0, "num_branches": 0, "num_partial_branches": 0, "covered_branches": 0, "missing_branches": 0}, "missing_lines": [72], "excluded_lines": [], "executed_branches": [], "missing_branches": []}, "AsyncDeploymentsMixin.pause_deployment": {"executed_lines": [], "summary": {"covered_lines": 0, "num_statements": 1, "percent_covered": 0.0, "percent_covered_display": "0", "missing_lines": 1, "excluded_lines": 0, "num_branches": 0, "num_partial_branches": 0, "covered_branches": 0, "missing_branches": 0}, "missing_lines": [79], "excluded_lines": [], "executed_branches": [], "missing_branches": []}, "AsyncDeploymentsMixin.resume_deployment": {"executed_lines": [], "summary": {"covered_lines": 0, "num_statements": 1, "percent_covered": 0.0, "percent_covered_display": "0", "missing_lines": 1, "excluded_lines": 0, "num_branches": 0, "num_partial_branches": 0, "covered_branches": 0, "missing_branches": 0}, "missing_lines": [86], "excluded_lines": [], "executed_branches": [], "missing_branches": []}, "AsyncDeploymentsMixin.scale_deployment": {"executed_lines": [], "summary": {"covered_lines": 0, "num_statements": 1, "percent_covered": 0.0, "percent_covered_display": "0", "missing_lines": 1, "excluded_lines": 0, "num_branches": 0, "num_partial_branches": 0, "covered_branches": 0, "missing_branches": 0}, "missing_lines": [93], "excluded_lines": [], "executed_branches": [], "missing_branches": []}, "AsyncDeploymentsMixin.rollback_deployment": {"executed_lines": [], "summary": {"covered_lines": 0, "num_statements": 1, "percent_covered": 0.0, "percent_covered_display": "0", "missing_lines": 1, "excluded_lines": 0, "num_branches": 0, "num_partial_branches": 0, "covered_branches": 0, "missing_branches": 0}, "missing_lines": [101], "excluded_lines": [], "executed_branches": [], "missing_branches": []}, "AsyncDeploymentsMixin.get_deployment_metrics": {"executed_lines": [], "summary": {"covered_lines": 0, "num_statements": 1, "percent_covered": 0.0, "percent_covered_display": "0", "missing_lines": 1, "excluded_lines": 0, "num_branches": 0, "num_partial_branches": 0, "covered_branches": 0, "missing_branches": 0}, "missing_lines": [109], "excluded_lines": [], "executed_branches": [], "missing_branches": []}, "AsyncDeploymentsMixin.get_deployment_logs": {"executed_lines": [], "summary": {"covered_lines": 0, "num_statements": 10, "percent_covered": 0.0, "percent_covered_display": "0", "missing_lines": 10, "excluded_lines": 0, "num_branches": 8, "num_partial_branches": 0, "covered_branches": 0, "missing_branches": 8}, "missing_lines": [127, 128, 129, 130, 131, 132, 133, 134, 135, 136], "excluded_lines": [], "executed_branches": [], "missing_branches": [[128, 129], [128, 130], [130, 131], [130, 132], [132, 133], [132, 134], [134, 135], [134, 136]]}, "AsyncDeploymentsMixin.get_deployment_health_full": {"executed_lines": [], "summary": {"covered_lines": 0, "num_statements": 1, "percent_covered": 0.0, "percent_covered_display": "0", "missing_lines": 1, "excluded_lines": 0, "num_branches": 0, "num_partial_branches": 0, "covered_branches": 0, "missing_branches": 0}, "missing_lines": [144], "excluded_lines": [], "executed_branches": [], "missing_branches": []}, "": {"executed_lines": [1, 3, 5, 7, 10, 11, 13, 32, 53, 60, 63, 71, 78, 85, 92, 100, 108, 116, 143], "summary": {"covered_lines": 17, "num_statements": 17, "percent_covered": 100.0, "percent_covered_display": "100", "missing_lines": 0, "excluded_lines": 0, "num_branches": 0, "num_partial_branches": 0, "covered_branches": 0, "missing_branches": 0}, "missing_lines": [], "excluded_lines": [], "executed_branches": [], "missing_branches": []}}, "classes": {"AsyncDeploymentsMixin": {"executed_lines": [], "summary": {"covered_lines": 0, "num_statements": 38, "percent_covered": 0.0, "percent_covered_display": "0", "missing_lines": 38, "excluded_lines": 0, "num_branches": 18, "num_partial_branches": 0, "covered_branches": 0, "missing_branches": 18}, "missing_lines": [23, 24, 25, 26, 27, 28, 29, 30, 42, 43, 44, 45, 46, 47, 48, 49, 50, 51, 54, 61, 64, 72, 79, 86, 93, 101, 109, 127, 128, 129, 130, 131, 132, 133, 134, 135, 136, 144], "excluded_lines": [], "executed_branches": [], "missing_branches": [[25, 26], [25, 27], [43, 44], [43, 45], [45, 46], [45, 47], [47, 48], [47, 49], [49, 50], [49, 51], [128, 129], [128, 130], [130, 131], [130, 132], [132, 133], [132, 134], [134, 135], [134, 136]]}, "": {"executed_lines": [1, 3, 5, 7, 10, 11, 13, 32, 53, 60, 63, 71, 78, 85, 92, 100, 108, 116, 143], "summary": {"covered_lines": 17, "num_statements": 17, "percent_covered": 100.0, "percent_covered_display": "100", "missing_lines": 0, "excluded_lines": 0, "num_branches": 0, "num_partial_branches": 0, "covered_branches": 0, "missing_branches": 0}, "missing_lines": [], "excluded_lines": [], "executed_branches": [], "missing_branches": []}}}, "dagnam\\_core\\aio\\hub.py": {"executed_lines": [1, 3, 5, 7, 10, 11, 13, 31, 34, 39, 42, 50, 55, 60, 69, 74, 82, 87, 92, 97, 105, 113, 120, 123, 126, 129], "summary": {"covered_lines": 24, "num_statements": 52, "percent_covered": 44.44444444444444, "percent_covered_display": "44", "missing_lines": 28, "excluded_lines": 0, "num_branches": 2, "num_partial_branches": 0, "covered_branches": 0, "missing_branches": 2}, "missing_lines": [22, 23, 24, 25, 26, 27, 28, 29, 32, 35, 40, 43, 51, 56, 61, 62, 70, 75, 83, 88, 93, 98, 106, 114, 121, 124, 127, 132], "excluded_lines": [], "executed_branches": [], "missing_branches": [[24, 25], [24, 26]], "functions": {"AsyncHubMixin._hub_req": {"executed_lines": [], "summary": {"covered_lines": 0, "num_statements": 8, "percent_covered": 0.0, "percent_covered_display": "0", "missing_lines": 8, "excluded_lines": 0, "num_branches": 2, "num_partial_branches": 0, "covered_branches": 0, "missing_branches": 2}, "missing_lines": [22, 23, 24, 25, 26, 27, 28, 29], "excluded_lines": [], "executed_branches": [], "missing_branches": [[24, 25], [24, 26]]}, "AsyncHubMixin.list_hub_models": {"executed_lines": [], "summary": {"covered_lines": 0, "num_statements": 1, "percent_covered": 0.0, "percent_covered_display": "0", "missing_lines": 1, "excluded_lines": 0, "num_branches": 0, "num_partial_branches": 0, "covered_branches": 0, "missing_branches": 0}, "missing_lines": [32], "excluded_lines": [], "executed_branches": [], "missing_branches": []}, "AsyncHubMixin.get_hub_model": {"executed_lines": [], "summary": {"covered_lines": 0, "num_statements": 1, "percent_covered": 0.0, "percent_covered_display": "0", "missing_lines": 1, "excluded_lines": 0, "num_branches": 0, "num_partial_branches": 0, "covered_branches": 0, "missing_branches": 0}, "missing_lines": [35], "excluded_lines": [], "executed_branches": [], "missing_branches": []}, "AsyncHubMixin.create_hub_model": {"executed_lines": [], "summary": {"covered_lines": 0, "num_statements": 1, "percent_covered": 0.0, "percent_covered_display": "0", "missing_lines": 1, "excluded_lines": 0, "num_branches": 0, "num_partial_branches": 0, "covered_branches": 0, "missing_branches": 0}, "missing_lines": [40], "excluded_lines": [], "executed_branches": [], "missing_branches": []}, "AsyncHubMixin.update_hub_model": {"executed_lines": [], "summary": {"covered_lines": 0, "num_statements": 1, "percent_covered": 0.0, "percent_covered_display": "0", "missing_lines": 1, "excluded_lines": 0, "num_branches": 0, "num_partial_branches": 0, "covered_branches": 0, "missing_branches": 0}, "missing_lines": [43], "excluded_lines": [], "executed_branches": [], "missing_branches": []}, "AsyncHubMixin.delete_hub_model": {"executed_lines": [], "summary": {"covered_lines": 0, "num_statements": 1, "percent_covered": 0.0, "percent_covered_display": "0", "missing_lines": 1, "excluded_lines": 0, "num_branches": 0, "num_partial_branches": 0, "covered_branches": 0, "missing_branches": 0}, "missing_lines": [51], "excluded_lines": [], "executed_branches": [], "missing_branches": []}, "AsyncHubMixin.list_hub_model_files": {"executed_lines": [], "summary": {"covered_lines": 0, "num_statements": 1, "percent_covered": 0.0, "percent_covered_display": "0", "missing_lines": 1, "excluded_lines": 0, "num_branches": 0, "num_partial_branches": 0, "covered_branches": 0, "missing_branches": 0}, "missing_lines": [56], "excluded_lines": [], "executed_branches": [], "missing_branches": []}, "AsyncHubMixin.download_hub_model": {"executed_lines": [], "summary": {"covered_lines": 0, "num_statements": 2, "percent_covered": 0.0, "percent_covered_display": "0", "missing_lines": 2, "excluded_lines": 0, "num_branches": 0, "num_partial_branches": 0, "covered_branches": 0, "missing_branches": 0}, "missing_lines": [61, 62], "excluded_lines": [], "executed_branches": [], "missing_branches": []}, "AsyncHubMixin.list_hub_model_versions": {"executed_lines": [], "summary": {"covered_lines": 0, "num_statements": 1, "percent_covered": 0.0, "percent_covered_display": "0", "missing_lines": 1, "excluded_lines": 0, "num_branches": 0, "num_partial_branches": 0, "covered_branches": 0, "missing_branches": 0}, "missing_lines": [70], "excluded_lines": [], "executed_branches": [], "missing_branches": []}, "AsyncHubMixin.create_hub_model_version": {"executed_lines": [], "summary": {"covered_lines": 0, "num_statements": 1, "percent_covered": 0.0, "percent_covered_display": "0", "missing_lines": 1, "excluded_lines": 0, "num_branches": 0, "num_partial_branches": 0, "covered_branches": 0, "missing_branches": 0}, "missing_lines": [75], "excluded_lines": [], "executed_branches": [], "missing_branches": []}, "AsyncHubMixin.star_hub_model": {"executed_lines": [], "summary": {"covered_lines": 0, "num_statements": 1, "percent_covered": 0.0, "percent_covered_display": "0", "missing_lines": 1, "excluded_lines": 0, "num_branches": 0, "num_partial_branches": 0, "covered_branches": 0, "missing_branches": 0}, "missing_lines": [83], "excluded_lines": [], "executed_branches": [], "missing_branches": []}, "AsyncHubMixin.unstar_hub_model": {"executed_lines": [], "summary": {"covered_lines": 0, "num_statements": 1, "percent_covered": 0.0, "percent_covered_display": "0", "missing_lines": 1, "excluded_lines": 0, "num_branches": 0, "num_partial_branches": 0, "covered_branches": 0, "missing_branches": 0}, "missing_lines": [88], "excluded_lines": [], "executed_branches": [], "missing_branches": []}, "AsyncHubMixin.fork_hub_model": {"executed_lines": [], "summary": {"covered_lines": 0, "num_statements": 1, "percent_covered": 0.0, "percent_covered_display": "0", "missing_lines": 1, "excluded_lines": 0, "num_branches": 0, "num_partial_branches": 0, "covered_branches": 0, "missing_branches": 0}, "missing_lines": [93], "excluded_lines": [], "executed_branches": [], "missing_branches": []}, "AsyncHubMixin.list_hub_model_reviews": {"executed_lines": [], "summary": {"covered_lines": 0, "num_statements": 1, "percent_covered": 0.0, "percent_covered_display": "0", "missing_lines": 1, "excluded_lines": 0, "num_branches": 0, "num_partial_branches": 0, "covered_branches": 0, "missing_branches": 0}, "missing_lines": [98], "excluded_lines": [], "executed_branches": [], "missing_branches": []}, "AsyncHubMixin.add_hub_model_review": {"executed_lines": [], "summary": {"covered_lines": 0, "num_statements": 1, "percent_covered": 0.0, "percent_covered_display": "0", "missing_lines": 1, "excluded_lines": 0, "num_branches": 0, "num_partial_branches": 0, "covered_branches": 0, "missing_branches": 0}, "missing_lines": [106], "excluded_lines": [], "executed_branches": [], "missing_branches": []}, "AsyncHubMixin.use_hub_model_in_studio": {"executed_lines": [], "summary": {"covered_lines": 0, "num_statements": 1, "percent_covered": 0.0, "percent_covered_display": "0", "missing_lines": 1, "excluded_lines": 0, "num_branches": 0, "num_partial_branches": 0, "covered_branches": 0, "missing_branches": 0}, "missing_lines": [114], "excluded_lines": [], "executed_branches": [], "missing_branches": []}, "AsyncHubMixin.list_hub_categories": {"executed_lines": [], "summary": {"covered_lines": 0, "num_statements": 1, "percent_covered": 0.0, "percent_covered_display": "0", "missing_lines": 1, "excluded_lines": 0, "num_branches": 0, "num_partial_branches": 0, "covered_branches": 0, "missing_branches": 0}, "missing_lines": [121], "excluded_lines": [], "executed_branches": [], "missing_branches": []}, "AsyncHubMixin.get_hub_featured": {"executed_lines": [], "summary": {"covered_lines": 0, "num_statements": 1, "percent_covered": 0.0, "percent_covered_display": "0", "missing_lines": 1, "excluded_lines": 0, "num_branches": 0, "num_partial_branches": 0, "covered_branches": 0, "missing_branches": 0}, "missing_lines": [124], "excluded_lines": [], "executed_branches": [], "missing_branches": []}, "AsyncHubMixin.get_hub_trending": {"executed_lines": [], "summary": {"covered_lines": 0, "num_statements": 1, "percent_covered": 0.0, "percent_covered_display": "0", "missing_lines": 1, "excluded_lines": 0, "num_branches": 0, "num_partial_branches": 0, "covered_branches": 0, "missing_branches": 0}, "missing_lines": [127], "excluded_lines": [], "executed_branches": [], "missing_branches": []}, "AsyncHubMixin.list_hub_starred": {"executed_lines": [], "summary": {"covered_lines": 0, "num_statements": 1, "percent_covered": 0.0, "percent_covered_display": "0", "missing_lines": 1, "excluded_lines": 0, "num_branches": 0, "num_partial_branches": 0, "covered_branches": 0, "missing_branches": 0}, "missing_lines": [132], "excluded_lines": [], "executed_branches": [], "missing_branches": []}, "": {"executed_lines": [1, 3, 5, 7, 10, 11, 13, 31, 34, 39, 42, 50, 55, 60, 69, 74, 82, 87, 92, 97, 105, 113, 120, 123, 126, 129], "summary": {"covered_lines": 24, "num_statements": 24, "percent_covered": 100.0, "percent_covered_display": "100", "missing_lines": 0, "excluded_lines": 0, "num_branches": 0, "num_partial_branches": 0, "covered_branches": 0, "missing_branches": 0}, "missing_lines": [], "excluded_lines": [], "executed_branches": [], "missing_branches": []}}, "classes": {"AsyncHubMixin": {"executed_lines": [], "summary": {"covered_lines": 0, "num_statements": 28, "percent_covered": 0.0, "percent_covered_display": "0", "missing_lines": 28, "excluded_lines": 0, "num_branches": 2, "num_partial_branches": 0, "covered_branches": 0, "missing_branches": 2}, "missing_lines": [22, 23, 24, 25, 26, 27, 28, 29, 32, 35, 40, 43, 51, 56, 61, 62, 70, 75, 83, 88, 93, 98, 106, 114, 121, 124, 127, 132], "excluded_lines": [], "executed_branches": [], "missing_branches": [[24, 25], [24, 26]]}, "": {"executed_lines": [1, 3, 5, 7, 10, 11, 13, 31, 34, 39, 42, 50, 55, 60, 69, 74, 82, 87, 92, 97, 105, 113, 120, 123, 126, 129], "summary": {"covered_lines": 24, "num_statements": 24, "percent_covered": 100.0, "percent_covered_display": "100", "missing_lines": 0, "excluded_lines": 0, "num_branches": 0, "num_partial_branches": 0, "covered_branches": 0, "missing_branches": 0}, "missing_lines": [], "excluded_lines": [], "executed_branches": [], "missing_branches": []}}}, "dagnam\\_core\\aio\\inference.py": {"executed_lines": [1, 3, 5, 8, 9, 11, 22, 35], "summary": {"covered_lines": 6, "num_statements": 15, "percent_covered": 40.0, "percent_covered_display": "40", "missing_lines": 9, "excluded_lines": 0, "num_branches": 0, "num_partial_branches": 0, "covered_branches": 0, "missing_branches": 0}, "missing_lines": [12, 19, 20, 25, 32, 33, 36, 41, 42], "excluded_lines": [], "executed_branches": [], "missing_branches": [], "functions": {"AsyncInferenceMixin.predict": {"executed_lines": [], "summary": {"covered_lines": 0, "num_statements": 3, "percent_covered": 0.0, "percent_covered_display": "0", "missing_lines": 3, "excluded_lines": 0, "num_branches": 0, "num_partial_branches": 0, "covered_branches": 0, "missing_branches": 0}, "missing_lines": [12, 19, 20], "excluded_lines": [], "executed_branches": [], "missing_branches": []}, "AsyncInferenceMixin.predict_batch": {"executed_lines": [], "summary": {"covered_lines": 0, "num_statements": 3, "percent_covered": 0.0, "percent_covered_display": "0", "missing_lines": 3, "excluded_lines": 0, "num_branches": 0, "num_partial_branches": 0, "covered_branches": 0, "missing_branches": 0}, "missing_lines": [25, 32, 33], "excluded_lines": [], "executed_branches": [], "missing_branches": []}, "AsyncInferenceMixin.deployment_health": {"executed_lines": [], "summary": {"covered_lines": 0, "num_statements": 3, "percent_covered": 0.0, "percent_covered_display": "0", "missing_lines": 3, "excluded_lines": 0, "num_branches": 0, "num_partial_branches": 0, "covered_branches": 0, "missing_branches": 0}, "missing_lines": [36, 41, 42], "excluded_lines": [], "executed_branches": [], "missing_branches": []}, "": {"executed_lines": [1, 3, 5, 8, 9, 11, 22, 35], "summary": {"covered_lines": 6, "num_statements": 6, "percent_covered": 100.0, "percent_covered_display": "100", "missing_lines": 0, "excluded_lines": 0, "num_branches": 0, "num_partial_branches": 0, "covered_branches": 0, "missing_branches": 0}, "missing_lines": [], "excluded_lines": [], "executed_branches": [], "missing_branches": []}}, "classes": {"AsyncInferenceMixin": {"executed_lines": [], "summary": {"covered_lines": 0, "num_statements": 9, "percent_covered": 0.0, "percent_covered_display": "0", "missing_lines": 9, "excluded_lines": 0, "num_branches": 0, "num_partial_branches": 0, "covered_branches": 0, "missing_branches": 0}, "missing_lines": [12, 19, 20, 25, 32, 33, 36, 41, 42], "excluded_lines": [], "executed_branches": [], "missing_branches": []}, "": {"executed_lines": [1, 3, 5, 8, 9, 11, 22, 35], "summary": {"covered_lines": 6, "num_statements": 6, "percent_covered": 100.0, "percent_covered_display": "100", "missing_lines": 0, "excluded_lines": 0, "num_branches": 0, "num_partial_branches": 0, "covered_branches": 0, "missing_branches": 0}, "missing_lines": [], "excluded_lines": [], "executed_branches": [], "missing_branches": []}}}, "dagnam\\_core\\aio\\projects.py": {"executed_lines": [1, 3, 5, 7, 10, 11, 13, 35, 38, 43, 46, 54, 59, 68, 76, 79, 87, 92, 100, 107], "summary": {"covered_lines": 18, "num_statements": 40, "percent_covered": 42.857142857142854, "percent_covered_display": "43", "missing_lines": 22, "excluded_lines": 0, "num_branches": 2, "num_partial_branches": 0, "covered_branches": 0, "missing_branches": 2}, "missing_lines": [24, 27, 28, 29, 30, 31, 32, 33, 36, 39, 44, 47, 55, 60, 61, 69, 77, 80, 88, 93, 101, 108], "excluded_lines": [], "executed_branches": [], "missing_branches": [[28, 29], [28, 30]], "functions": {"AsyncProjectsMixin._project_req": {"executed_lines": [], "summary": {"covered_lines": 0, "num_statements": 8, "percent_covered": 0.0, "percent_covered_display": "0", "missing_lines": 8, "excluded_lines": 0, "num_branches": 2, "num_partial_branches": 0, "covered_branches": 0, "missing_branches": 2}, "missing_lines": [24, 27, 28, 29, 30, 31, 32, 33], "excluded_lines": [], "executed_branches": [], "missing_branches": [[28, 29], [28, 30]]}, "AsyncProjectsMixin.list_projects": {"executed_lines": [], "summary": {"covered_lines": 0, "num_statements": 1, "percent_covered": 0.0, "percent_covered_display": "0", "missing_lines": 1, "excluded_lines": 0, "num_branches": 0, "num_partial_branches": 0, "covered_branches": 0, "missing_branches": 0}, "missing_lines": [36], "excluded_lines": [], "executed_branches": [], "missing_branches": []}, "AsyncProjectsMixin.get_project": {"executed_lines": [], "summary": {"covered_lines": 0, "num_statements": 1, "percent_covered": 0.0, "percent_covered_display": "0", "missing_lines": 1, "excluded_lines": 0, "num_branches": 0, "num_partial_branches": 0, "covered_branches": 0, "missing_branches": 0}, "missing_lines": [39], "excluded_lines": [], "executed_branches": [], "missing_branches": []}, "AsyncProjectsMixin.create_project": {"executed_lines": [], "summary": {"covered_lines": 0, "num_statements": 1, "percent_covered": 0.0, "percent_covered_display": "0", "missing_lines": 1, "excluded_lines": 0, "num_branches": 0, "num_partial_branches": 0, "covered_branches": 0, "missing_branches": 0}, "missing_lines": [44], "excluded_lines": [], "executed_branches": [], "missing_branches": []}, "AsyncProjectsMixin.update_project": {"executed_lines": [], "summary": {"covered_lines": 0, "num_statements": 1, "percent_covered": 0.0, "percent_covered_display": "0", "missing_lines": 1, "excluded_lines": 0, "num_branches": 0, "num_partial_branches": 0, "covered_branches": 0, "missing_branches": 0}, "missing_lines": [47], "excluded_lines": [], "executed_branches": [], "missing_branches": []}, "AsyncProjectsMixin.delete_project": {"executed_lines": [], "summary": {"covered_lines": 0, "num_statements": 1, "percent_covered": 0.0, "percent_covered_display": "0", "missing_lines": 1, "excluded_lines": 0, "num_branches": 0, "num_partial_branches": 0, "covered_branches": 0, "missing_branches": 0}, "missing_lines": [55], "excluded_lines": [], "executed_branches": [], "missing_branches": []}, "AsyncProjectsMixin.duplicate_project": {"executed_lines": [], "summary": {"covered_lines": 0, "num_statements": 2, "percent_covered": 0.0, "percent_covered_display": "0", "missing_lines": 2, "excluded_lines": 0, "num_branches": 0, "num_partial_branches": 0, "covered_branches": 0, "missing_branches": 0}, "missing_lines": [60, 61], "excluded_lines": [], "executed_branches": [], "missing_branches": []}, "AsyncProjectsMixin.save_architecture": {"executed_lines": [], "summary": {"covered_lines": 0, "num_statements": 1, "percent_covered": 0.0, "percent_covered_display": "0", "missing_lines": 1, "excluded_lines": 0, "num_branches": 0, "num_partial_branches": 0, "covered_branches": 0, "missing_branches": 0}, "missing_lines": [69], "excluded_lines": [], "executed_branches": [], "missing_branches": []}, "AsyncProjectsMixin.import_dag": {"executed_lines": [], "summary": {"covered_lines": 0, "num_statements": 1, "percent_covered": 0.0, "percent_covered_display": "0", "missing_lines": 1, "excluded_lines": 0, "num_branches": 0, "num_partial_branches": 0, "covered_branches": 0, "missing_branches": 0}, "missing_lines": [77], "excluded_lines": [], "executed_branches": [], "missing_branches": []}, "AsyncProjectsMixin.import_dag_existing": {"executed_lines": [], "summary": {"covered_lines": 0, "num_statements": 1, "percent_covered": 0.0, "percent_covered_display": "0", "missing_lines": 1, "excluded_lines": 0, "num_branches": 0, "num_partial_branches": 0, "covered_branches": 0, "missing_branches": 0}, "missing_lines": [80], "excluded_lines": [], "executed_branches": [], "missing_branches": []}, "AsyncProjectsMixin.bulk_delete_projects": {"executed_lines": [], "summary": {"covered_lines": 0, "num_statements": 1, "percent_covered": 0.0, "percent_covered_display": "0", "missing_lines": 1, "excluded_lines": 0, "num_branches": 0, "num_partial_branches": 0, "covered_branches": 0, "missing_branches": 0}, "missing_lines": [88], "excluded_lines": [], "executed_branches": [], "missing_branches": []}, "AsyncProjectsMixin.link_dataset": {"executed_lines": [], "summary": {"covered_lines": 0, "num_statements": 1, "percent_covered": 0.0, "percent_covered_display": "0", "missing_lines": 1, "excluded_lines": 0, "num_branches": 0, "num_partial_branches": 0, "covered_branches": 0, "missing_branches": 0}, "missing_lines": [93], "excluded_lines": [], "executed_branches": [], "missing_branches": []}, "AsyncProjectsMixin.get_project_datasets": {"executed_lines": [], "summary": {"covered_lines": 0, "num_statements": 1, "percent_covered": 0.0, "percent_covered_display": "0", "missing_lines": 1, "excluded_lines": 0, "num_branches": 0, "num_partial_branches": 0, "covered_branches": 0, "missing_branches": 0}, "missing_lines": [101], "excluded_lines": [], "executed_branches": [], "missing_branches": []}, "AsyncProjectsMixin.unlink_dataset": {"executed_lines": [], "summary": {"covered_lines": 0, "num_statements": 1, "percent_covered": 0.0, "percent_covered_display": "0", "missing_lines": 1, "excluded_lines": 0, "num_branches": 0, "num_partial_branches": 0, "covered_branches": 0, "missing_branches": 0}, "missing_lines": [108], "excluded_lines": [], "executed_branches": [], "missing_branches": []}, "": {"executed_lines": [1, 3, 5, 7, 10, 11, 13, 35, 38, 43, 46, 54, 59, 68, 76, 79, 87, 92, 100, 107], "summary": {"covered_lines": 18, "num_statements": 18, "percent_covered": 100.0, "percent_covered_display": "100", "missing_lines": 0, "excluded_lines": 0, "num_branches": 0, "num_partial_branches": 0, "covered_branches": 0, "missing_branches": 0}, "missing_lines": [], "excluded_lines": [], "executed_branches": [], "missing_branches": []}}, "classes": {"AsyncProjectsMixin": {"executed_lines": [], "summary": {"covered_lines": 0, "num_statements": 22, "percent_covered": 0.0, "percent_covered_display": "0", "missing_lines": 22, "excluded_lines": 0, "num_branches": 2, "num_partial_branches": 0, "covered_branches": 0, "missing_branches": 2}, "missing_lines": [24, 27, 28, 29, 30, 31, 32, 33, 36, 39, 44, 47, 55, 60, 61, 69, 77, 80, 88, 93, 101, 108], "excluded_lines": [], "executed_branches": [], "missing_branches": [[28, 29], [28, 30]]}, "": {"executed_lines": [1, 3, 5, 7, 10, 11, 13, 35, 38, 43, 46, 54, 59, 68, 76, 79, 87, 92, 100, 107], "summary": {"covered_lines": 18, "num_statements": 18, "percent_covered": 100.0, "percent_covered_display": "100", "missing_lines": 0, "excluded_lines": 0, "num_branches": 0, "num_partial_branches": 0, "covered_branches": 0, "missing_branches": 0}, "missing_lines": [], "excluded_lines": [], "executed_branches": [], "missing_branches": []}}}, "dagnam\\_core\\auth.py": {"executed_lines": [1, 7, 8, 10, 11, 13, 16, 17, 20, 27, 32, 33, 52, 54, 55], "summary": {"covered_lines": 14, "num_statements": 34, "percent_covered": 32.0, "percent_covered_display": "32", "missing_lines": 20, "excluded_lines": 0, "num_branches": 16, "num_partial_branches": 2, "covered_branches": 2, "missing_branches": 14}, "missing_lines": [23, 24, 35, 36, 38, 39, 40, 42, 43, 44, 46, 57, 58, 60, 61, 62, 64, 65, 66, 68], "excluded_lines": [], "executed_branches": [[32, 33], [54, 55]], "missing_branches": [[32, 35], [35, 36], [35, 38], [39, 40], [39, 42], [43, 44], [43, 46], [54, 57], [57, 58], [57, 60], [61, 62], [61, 64], [65, 66], [65, 68]], "functions": {"configure": {"executed_lines": [], "summary": {"covered_lines": 0, "num_statements": 2, "percent_covered": 0.0, "percent_covered_display": "0", "missing_lines": 2, "excluded_lines": 0, "num_branches": 0, "num_partial_branches": 0, "covered_branches": 0, "missing_branches": 0}, "missing_lines": [23, 24], "excluded_lines": [], "executed_branches": [], "missing_branches": []}, "get_api_key": {"executed_lines": [32, 33], "summary": {"covered_lines": 2, "num_statements": 11, "percent_covered": 15.789473684210526, "percent_covered_display": "16", "missing_lines": 9, "excluded_lines": 0, "num_branches": 8, "num_partial_branches": 1, "covered_branches": 1, "missing_branches": 7}, "missing_lines": [35, 36, 38, 39, 40, 42, 43, 44, 46], "excluded_lines": [], "executed_branches": [[32, 33]], "missing_branches": [[32, 35], [35, 36], [35, 38], [39, 40], [39, 42], [43, 44], [43, 46]]}, "get_api_url": {"executed_lines": [54, 55], "summary": {"covered_lines": 2, "num_statements": 11, "percent_covered": 15.789473684210526, "percent_covered_display": "16", "missing_lines": 9, "excluded_lines": 0, "num_branches": 8, "num_partial_branches": 1, "covered_branches": 1, "missing_branches": 7}, "missing_lines": [57, 58, 60, 61, 62, 64, 65, 66, 68], "excluded_lines": [], "executed_branches": [[54, 55]], "missing_branches": [[54, 57], [57, 58], [57, 60], [61, 62], [61, 64], [65, 66], [65, 68]]}, "": {"executed_lines": [1, 7, 8, 10, 11, 13, 16, 17, 20, 27, 52], "summary": {"covered_lines": 10, "num_statements": 10, "percent_covered": 100.0, "percent_covered_display": "100", "missing_lines": 0, "excluded_lines": 0, "num_branches": 0, "num_partial_branches": 0, "covered_branches": 0, "missing_branches": 0}, "missing_lines": [], "excluded_lines": [], "executed_branches": [], "missing_branches": []}}, "classes": {"": {"executed_lines": [1, 7, 8, 10, 11, 13, 16, 17, 20, 27, 32, 33, 52, 54, 55], "summary": {"covered_lines": 14, "num_statements": 34, "percent_covered": 32.0, "percent_covered_display": "32", "missing_lines": 20, "excluded_lines": 0, "num_branches": 16, "num_partial_branches": 2, "covered_branches": 2, "missing_branches": 14}, "missing_lines": [23, 24, 35, 36, 38, 39, 40, 42, 43, 44, 46, 57, 58, 60, 61, 62, 64, 65, 66, 68], "excluded_lines": [], "executed_branches": [[32, 33], [54, 55]], "missing_branches": [[32, 35], [35, 36], [35, 38], [39, 40], [39, 42], [43, 44], [43, 46], [54, 57], [57, 58], [57, 60], [61, 62], [61, 64], [65, 66], [65, 68]]}}}, "dagnam\\_core\\client\\__init__.py": {"executed_lines": [1, 3, 5, 6, 7, 8, 9, 10, 11, 12, 13, 16, 27, 30], "summary": {"covered_lines": 12, "num_statements": 12, "percent_covered": 100.0, "percent_covered_display": "100", "missing_lines": 0, "excluded_lines": 0, "num_branches": 0, "num_partial_branches": 0, "covered_branches": 0, "missing_branches": 0}, "missing_lines": [], "excluded_lines": [], "executed_branches": [], "missing_branches": [], "functions": {"": {"executed_lines": [1, 3, 5, 6, 7, 8, 9, 10, 11, 12, 13, 16, 27, 30], "summary": {"covered_lines": 12, "num_statements": 12, "percent_covered": 100.0, "percent_covered_display": "100", "missing_lines": 0, "excluded_lines": 0, "num_branches": 0, "num_partial_branches": 0, "covered_branches": 0, "missing_branches": 0}, "missing_lines": [], "excluded_lines": [], "executed_branches": [], "missing_branches": []}}, "classes": {"DagnamClient": {"executed_lines": [], "summary": {"covered_lines": 0, "num_statements": 0, "percent_covered": 100.0, "percent_covered_display": "100", "missing_lines": 0, "excluded_lines": 0, "num_branches": 0, "num_partial_branches": 0, "covered_branches": 0, "missing_branches": 0}, "missing_lines": [], "excluded_lines": [], "executed_branches": [], "missing_branches": []}, "": {"executed_lines": [1, 3, 5, 6, 7, 8, 9, 10, 11, 12, 13, 16, 27, 30], "summary": {"covered_lines": 12, "num_statements": 12, "percent_covered": 100.0, "percent_covered_display": "100", "missing_lines": 0, "excluded_lines": 0, "num_branches": 0, "num_partial_branches": 0, "covered_branches": 0, "missing_branches": 0}, "missing_lines": [], "excluded_lines": [], "executed_branches": [], "missing_branches": []}}}, "dagnam\\_core\\client\\base.py": {"executed_lines": [1, 3, 5, 6, 8, 9, 11, 12, 20, 21, 27, 28, 29, 30, 40, 41, 42, 43, 44, 47, 49, 52, 53, 55, 56, 57, 59, 60, 62, 63, 65, 66, 74, 75, 77, 78, 80, 81, 91, 92, 93, 94, 96, 104, 105, 117, 118, 120, 121, 123, 133, 134, 135, 137, 138, 139, 140, 141, 142, 143, 144, 145, 146, 148, 149, 160, 166, 169, 170, 171, 173, 174, 175, 179, 180, 181, 182, 183, 189, 190], "summary": {"covered_lines": 78, "num_statements": 98, "percent_covered": 74.61538461538461, "percent_covered_display": "75", "missing_lines": 20, "excluded_lines": 0, "num_branches": 32, "num_partial_branches": 3, "covered_branches": 19, "missing_branches": 13}, "missing_lines": [67, 68, 69, 70, 71, 72, 112, 113, 114, 115, 150, 151, 152, 153, 154, 155, 156, 157, 167, 176], "excluded_lines": [], "executed_branches": [[42, 43], [42, 44], [65, 66], [91, 92], [91, 94], [133, -117], [133, 134], [139, 140], [139, 141], [142, 143], [142, 144], [144, 145], [144, 146], [166, 169], [170, 171], [170, 173], [174, 175], [183, 189], [183, 190]], "missing_branches": [[65, 67], [68, 69], [68, 70], [70, 71], [70, 72], [150, 151], [150, 152], [153, 154], [153, 155], [155, 156], [155, 157], [166, 167], [174, 176]], "functions": {"_is_success_response": {"executed_lines": [41, 42, 43, 44], "summary": {"covered_lines": 4, "num_statements": 4, "percent_covered": 100.0, "percent_covered_display": "100", "missing_lines": 0, "excluded_lines": 0, "num_branches": 2, "num_partial_branches": 0, "covered_branches": 2, "missing_branches": 0}, "missing_lines": [], "excluded_lines": [], "executed_branches": [[42, 43], [42, 44]], "missing_branches": []}, "_safe_error_body": {"executed_lines": [49], "summary": {"covered_lines": 1, "num_statements": 1, "percent_covered": 100.0, "percent_covered_display": "100", "missing_lines": 0, "excluded_lines": 0, "num_branches": 0, "num_partial_branches": 0, "covered_branches": 0, "missing_branches": 0}, "missing_lines": [], "excluded_lines": [], "executed_branches": [], "missing_branches": []}, "BaseDagnamClient.__init__": {"executed_lines": [56, 57], "summary": {"covered_lines": 2, "num_statements": 2, "percent_covered": 100.0, "percent_covered_display": "100", "missing_lines": 0, "excluded_lines": 0, "num_branches": 0, "num_partial_branches": 0, "covered_branches": 0, "missing_branches": 0}, "missing_lines": [], "excluded_lines": [], "executed_branches": [], "missing_branches": []}, "BaseDagnamClient._headers": {"executed_lines": [60], "summary": {"covered_lines": 1, "num_statements": 1, "percent_covered": 100.0, "percent_covered_display": "100", "missing_lines": 0, "excluded_lines": 0, "num_branches": 0, "num_partial_branches": 0, "covered_branches": 0, "missing_branches": 0}, "missing_lines": [], "excluded_lines": [], "executed_branches": [], "missing_branches": []}, "BaseDagnamClient._raise_for_status": {"executed_lines": [65, 66], "summary": {"covered_lines": 2, "num_statements": 8, "percent_covered": 21.428571428571427, "percent_covered_display": "21", "missing_lines": 6, "excluded_lines": 0, "num_branches": 6, "num_partial_branches": 1, "covered_branches": 1, "missing_branches": 5}, "missing_lines": [67, 68, 69, 70, 71, 72], "excluded_lines": [], "executed_branches": [[65, 66]], "missing_branches": [[65, 67], [68, 69], [68, 70], [70, 71], [70, 72]]}, "BaseDagnamClient._stream_response_to_file": {"executed_lines": [77, 78, 80, 81, 91, 92, 93, 94], "summary": {"covered_lines": 8, "num_statements": 8, "percent_covered": 100.0, "percent_covered_display": "100", "missing_lines": 0, "excluded_lines": 0, "num_branches": 2, "num_partial_branches": 0, "covered_branches": 2, "missing_branches": 0}, "missing_lines": [], "excluded_lines": [], "executed_branches": [[91, 92], [91, 94]], "missing_branches": []}, "BaseDagnamClient._get_stream": {"executed_lines": [104, 105], "summary": {"covered_lines": 2, "num_statements": 6, "percent_covered": 33.333333333333336, "percent_covered_display": "33", "missing_lines": 4, "excluded_lines": 0, "num_branches": 0, "num_partial_branches": 0, "covered_branches": 0, "missing_branches": 0}, "missing_lines": [112, 113, 114, 115], "excluded_lines": [], "executed_branches": [], "missing_branches": []}, "BaseDagnamClient._append_stream_to_file": {"executed_lines": [120, 121, 123, 133, 134, 135], "summary": {"covered_lines": 6, "num_statements": 6, "percent_covered": 100.0, "percent_covered_display": "100", "missing_lines": 0, "excluded_lines": 0, "num_branches": 2, "num_partial_branches": 0, "covered_branches": 2, "missing_branches": 0}, "missing_lines": [], "excluded_lines": [], "executed_branches": [[133, -117], [133, 134]], "missing_branches": []}, "BaseDagnamClient._raise_for_deployment": {"executed_lines": [139, 140, 141, 142, 143, 144, 145, 146], "summary": {"covered_lines": 8, "num_statements": 8, "percent_covered": 100.0, "percent_covered_display": "100", "missing_lines": 0, "excluded_lines": 0, "num_branches": 6, "num_partial_branches": 0, "covered_branches": 6, "missing_branches": 0}, "missing_lines": [], "excluded_lines": [], "executed_branches": [[139, 140], [139, 141], [142, 143], [142, 144], [144, 145], [144, 146]], "missing_branches": []}, "BaseDagnamClient._raise_for_job": {"executed_lines": [], "summary": {"covered_lines": 0, "num_statements": 8, "percent_covered": 0.0, "percent_covered_display": "0", "missing_lines": 8, "excluded_lines": 0, "num_branches": 6, "num_partial_branches": 0, "covered_branches": 0, "missing_branches": 6}, "missing_lines": [150, 151, 152, 153, 154, 155, 156, 157], "excluded_lines": [], "executed_branches": [], "missing_branches": [[150, 151], [150, 152], [153, 154], [153, 155], [155, 156], [155, 157]]}, "_parse_filename": {"executed_lines": [166, 169, 170, 171, 173, 174, 175], "summary": {"covered_lines": 7, "num_statements": 9, "percent_covered": 73.33333333333333, "percent_covered_display": "73", "missing_lines": 2, "excluded_lines": 0, "num_branches": 6, "num_partial_branches": 2, "covered_branches": 4, "missing_branches": 2}, "missing_lines": [167, 176], "excluded_lines": [], "executed_branches": [[166, 169], [170, 171], [170, 173], [174, 175]], "missing_branches": [[166, 167], [174, 176]]}, "_sanitize_filename": {"executed_lines": [180, 181, 182, 183, 189, 190], "summary": {"covered_lines": 6, "num_statements": 6, "percent_covered": 100.0, "percent_covered_display": "100", "missing_lines": 0, "excluded_lines": 0, "num_branches": 2, "num_partial_branches": 0, "covered_branches": 2, "missing_branches": 0}, "missing_lines": [], "excluded_lines": [], "executed_branches": [[183, 189], [183, 190]], "missing_branches": []}, "": {"executed_lines": [1, 3, 5, 6, 8, 9, 11, 12, 20, 21, 27, 28, 29, 30, 40, 47, 52, 53, 55, 59, 62, 63, 74, 75, 96, 117, 118, 137, 138, 148, 149, 160, 179], "summary": {"covered_lines": 31, "num_statements": 31, "percent_covered": 100.0, "percent_covered_display": "100", "missing_lines": 0, "excluded_lines": 0, "num_branches": 0, "num_partial_branches": 0, "covered_branches": 0, "missing_branches": 0}, "missing_lines": [], "excluded_lines": [], "executed_branches": [], "missing_branches": []}}, "classes": {"BaseDagnamClient": {"executed_lines": [56, 57, 60, 65, 66, 77, 78, 80, 81, 91, 92, 93, 94, 104, 105, 120, 121, 123, 133, 134, 135, 139, 140, 141, 142, 143, 144, 145, 146], "summary": {"covered_lines": 29, "num_statements": 47, "percent_covered": 57.971014492753625, "percent_covered_display": "58", "missing_lines": 18, "excluded_lines": 0, "num_branches": 22, "num_partial_branches": 1, "covered_branches": 11, "missing_branches": 11}, "missing_lines": [67, 68, 69, 70, 71, 72, 112, 113, 114, 115, 150, 151, 152, 153, 154, 155, 156, 157], "excluded_lines": [], "executed_branches": [[65, 66], [91, 92], [91, 94], [133, -117], [133, 134], [139, 140], [139, 141], [142, 143], [142, 144], [144, 145], [144, 146]], "missing_branches": [[65, 67], [68, 69], [68, 70], [70, 71], [70, 72], [150, 151], [150, 152], [153, 154], [153, 155], [155, 156], [155, 157]]}, "": {"executed_lines": [1, 3, 5, 6, 8, 9, 11, 12, 20, 21, 27, 28, 29, 30, 40, 41, 42, 43, 44, 47, 49, 52, 53, 55, 59, 62, 63, 74, 75, 96, 117, 118, 137, 138, 148, 149, 160, 166, 169, 170, 171, 173, 174, 175, 179, 180, 181, 182, 183, 189, 190], "summary": {"covered_lines": 49, "num_statements": 51, "percent_covered": 93.44262295081967, "percent_covered_display": "93", "missing_lines": 2, "excluded_lines": 0, "num_branches": 10, "num_partial_branches": 2, "covered_branches": 8, "missing_branches": 2}, "missing_lines": [167, 176], "excluded_lines": [], "executed_branches": [[42, 43], [42, 44], [166, 169], [170, 171], [170, 173], [174, 175], [183, 189], [183, 190]], "missing_branches": [[166, 167], [174, 176]]}}}, "dagnam\\_core\\client\\checkpoints.py": {"executed_lines": [1, 3, 5, 7, 15, 16, 19, 20, 22, 40, 49, 50, 51, 54, 56, 57, 58, 59, 60, 61, 62, 64, 65, 66], "summary": {"covered_lines": 22, "num_statements": 32, "percent_covered": 73.6842105263158, "percent_covered_display": "74", "missing_lines": 10, "excluded_lines": 0, "num_branches": 6, "num_partial_branches": 0, "covered_branches": 6, "missing_branches": 0}, "missing_lines": [24, 25, 26, 27, 33, 34, 35, 36, 37, 38], "excluded_lines": [], "executed_branches": [[56, 57], [56, 64], [58, 59], [58, 60], [60, 61], [60, 62]], "missing_branches": [], "functions": {"CheckpointsClientMixin.list_checkpoints": {"executed_lines": [], "summary": {"covered_lines": 0, "num_statements": 10, "percent_covered": 0.0, "percent_covered_display": "0", "missing_lines": 10, "excluded_lines": 0, "num_branches": 0, "num_partial_branches": 0, "covered_branches": 0, "missing_branches": 0}, "missing_lines": [24, 25, 26, 27, 33, 34, 35, 36, 37, 38], "excluded_lines": [], "executed_branches": [], "missing_branches": []}, "CheckpointsClientMixin.download_checkpoint_stream": {"executed_lines": [49, 50, 51, 54, 56, 57, 58, 59, 60, 61, 62, 64, 65, 66], "summary": {"covered_lines": 14, "num_statements": 14, "percent_covered": 100.0, "percent_covered_display": "100", "missing_lines": 0, "excluded_lines": 0, "num_branches": 6, "num_partial_branches": 0, "covered_branches": 6, "missing_branches": 0}, "missing_lines": [], "excluded_lines": [], "executed_branches": [[56, 57], [56, 64], [58, 59], [58, 60], [60, 61], [60, 62]], "missing_branches": []}, "": {"executed_lines": [1, 3, 5, 7, 15, 16, 19, 20, 22, 40], "summary": {"covered_lines": 8, "num_statements": 8, "percent_covered": 100.0, "percent_covered_display": "100", "missing_lines": 0, "excluded_lines": 0, "num_branches": 0, "num_partial_branches": 0, "covered_branches": 0, "missing_branches": 0}, "missing_lines": [], "excluded_lines": [], "executed_branches": [], "missing_branches": []}}, "classes": {"CheckpointsClientMixin": {"executed_lines": [49, 50, 51, 54, 56, 57, 58, 59, 60, 61, 62, 64, 65, 66], "summary": {"covered_lines": 14, "num_statements": 24, "percent_covered": 66.66666666666667, "percent_covered_display": "67", "missing_lines": 10, "excluded_lines": 0, "num_branches": 6, "num_partial_branches": 0, "covered_branches": 6, "missing_branches": 0}, "missing_lines": [24, 25, 26, 27, 33, 34, 35, 36, 37, 38], "excluded_lines": [], "executed_branches": [[56, 57], [56, 64], [58, 59], [58, 60], [60, 61], [60, 62]], "missing_branches": []}, "": {"executed_lines": [1, 3, 5, 7, 15, 16, 19, 20, 22, 40], "summary": {"covered_lines": 8, "num_statements": 8, "percent_covered": 100.0, "percent_covered_display": "100", "missing_lines": 0, "excluded_lines": 0, "num_branches": 0, "num_partial_branches": 0, "covered_branches": 0, "missing_branches": 0}, "missing_lines": [], "excluded_lines": [], "executed_branches": [], "missing_branches": []}}}, "dagnam\\_core\\client\\codegen.py": {"executed_lines": [1, 3, 5, 6, 8, 9, 12, 13, 15, 24, 26, 27, 28, 42, 44, 46, 47, 51, 61, 62, 63, 64, 65, 67, 68, 75, 76, 77, 78, 79, 83, 84, 85, 89, 92, 99, 101, 102, 103, 104, 105, 106, 119, 121, 122, 123, 125, 139, 140], "summary": {"covered_lines": 47, "num_statements": 61, "percent_covered": 76.0, "percent_covered_display": "76", "missing_lines": 14, "excluded_lines": 0, "num_branches": 14, "num_partial_branches": 4, "covered_branches": 10, "missing_branches": 4}, "missing_lines": [37, 38, 39, 40, 45, 48, 49, 66, 90, 114, 115, 116, 117, 132], "excluded_lines": [], "executed_branches": [[44, 46], [61, 62], [63, 64], [63, 65], [65, 67], [77, 78], [102, 103], [102, 104], [121, 122], [121, 123]], "missing_branches": [[44, 45], [61, 67], [65, 66], [77, 79]], "functions": {"CodegenClientMixin._codegen_request": {"executed_lines": [24, 26, 27, 28, 42, 44, 46, 47], "summary": {"covered_lines": 8, "num_statements": 15, "percent_covered": 52.94117647058823, "percent_covered_display": "53", "missing_lines": 7, "excluded_lines": 0, "num_branches": 2, "num_partial_branches": 1, "covered_branches": 1, "missing_branches": 1}, "missing_lines": [37, 38, 39, 40, 45, 48, 49], "excluded_lines": [], "executed_branches": [[44, 46]], "missing_branches": [[44, 45]]}, "CodegenClientMixin.generate_code": {"executed_lines": [61, 62, 63, 64, 65, 67, 68], "summary": {"covered_lines": 7, "num_statements": 8, "percent_covered": 78.57142857142857, "percent_covered_display": "79", "missing_lines": 1, "excluded_lines": 0, "num_branches": 6, "num_partial_branches": 2, "covered_branches": 4, "missing_branches": 2}, "missing_lines": [66], "excluded_lines": [], "executed_branches": [[61, 62], [63, 64], [63, 65], [65, 67]], "missing_branches": [[61, 67], [65, 66]]}, "CodegenClientMixin.preview_code": {"executed_lines": [76, 77, 78, 79], "summary": {"covered_lines": 4, "num_statements": 4, "percent_covered": 83.33333333333333, "percent_covered_display": "83", "missing_lines": 0, "excluded_lines": 0, "num_branches": 2, "num_partial_branches": 1, "covered_branches": 1, "missing_branches": 1}, "missing_lines": [], "excluded_lines": [], "executed_branches": [[77, 78]], "missing_branches": [[77, 79]]}, "CodegenClientMixin.validate_code": {"executed_lines": [84, 85], "summary": {"covered_lines": 2, "num_statements": 2, "percent_covered": 100.0, "percent_covered_display": "100", "missing_lines": 0, "excluded_lines": 0, "num_branches": 0, "num_partial_branches": 0, "covered_branches": 0, "missing_branches": 0}, "missing_lines": [], "excluded_lines": [], "executed_branches": [], "missing_branches": []}, "CodegenClientMixin.validate_architecture": {"executed_lines": [], "summary": {"covered_lines": 0, "num_statements": 1, "percent_covered": 0.0, "percent_covered_display": "0", "missing_lines": 1, "excluded_lines": 0, "num_branches": 0, "num_partial_branches": 0, "covered_branches": 0, "missing_branches": 0}, "missing_lines": [90], "excluded_lines": [], "executed_branches": [], "missing_branches": []}, "CodegenClientMixin.download_code": {"executed_lines": [99, 101, 102, 103, 104, 105, 106, 119, 121, 122, 123], "summary": {"covered_lines": 11, "num_statements": 15, "percent_covered": 78.94736842105263, "percent_covered_display": "79", "missing_lines": 4, "excluded_lines": 0, "num_branches": 4, "num_partial_branches": 0, "covered_branches": 4, "missing_branches": 0}, "missing_lines": [114, 115, 116, 117], "excluded_lines": [], "executed_branches": [[102, 103], [102, 104], [121, 122], [121, 123]], "missing_branches": []}, "CodegenClientMixin.download_code_zip": {"executed_lines": [], "summary": {"covered_lines": 0, "num_statements": 1, "percent_covered": 0.0, "percent_covered_display": "0", "missing_lines": 1, "excluded_lines": 0, "num_branches": 0, "num_partial_branches": 0, "covered_branches": 0, "missing_branches": 0}, "missing_lines": [132], "excluded_lines": [], "executed_branches": [], "missing_branches": []}, "CodegenClientMixin.get_code_status": {"executed_lines": [140], "summary": {"covered_lines": 1, "num_statements": 1, "percent_covered": 100.0, "percent_covered_display": "100", "missing_lines": 0, "excluded_lines": 0, "num_branches": 0, "num_partial_branches": 0, "covered_branches": 0, "missing_branches": 0}, "missing_lines": [], "excluded_lines": [], "executed_branches": [], "missing_branches": []}, "": {"executed_lines": [1, 3, 5, 6, 8, 9, 12, 13, 15, 51, 75, 83, 89, 92, 125, 139], "summary": {"covered_lines": 14, "num_statements": 14, "percent_covered": 100.0, "percent_covered_display": "100", "missing_lines": 0, "excluded_lines": 0, "num_branches": 0, "num_partial_branches": 0, "covered_branches": 0, "missing_branches": 0}, "missing_lines": [], "excluded_lines": [], "executed_branches": [], "missing_branches": []}}, "classes": {"CodegenClientMixin": {"executed_lines": [24, 26, 27, 28, 42, 44, 46, 47, 61, 62, 63, 64, 65, 67, 68, 76, 77, 78, 79, 84, 85, 99, 101, 102, 103, 104, 105, 106, 119, 121, 122, 123, 140], "summary": {"covered_lines": 33, "num_statements": 47, "percent_covered": 70.49180327868852, "percent_covered_display": "70", "missing_lines": 14, "excluded_lines": 0, "num_branches": 14, "num_partial_branches": 4, "covered_branches": 10, "missing_branches": 4}, "missing_lines": [37, 38, 39, 40, 45, 48, 49, 66, 90, 114, 115, 116, 117, 132], "excluded_lines": [], "executed_branches": [[44, 46], [61, 62], [63, 64], [63, 65], [65, 67], [77, 78], [102, 103], [102, 104], [121, 122], [121, 123]], "missing_branches": [[44, 45], [61, 67], [65, 66], [77, 79]]}, "": {"executed_lines": [1, 3, 5, 6, 8, 9, 12, 13, 15, 51, 75, 83, 89, 92, 125, 139], "summary": {"covered_lines": 14, "num_statements": 14, "percent_covered": 100.0, "percent_covered_display": "100", "missing_lines": 0, "excluded_lines": 0, "num_branches": 0, "num_partial_branches": 0, "covered_branches": 0, "missing_branches": 0}, "missing_lines": [], "excluded_lines": [], "executed_branches": [], "missing_branches": []}}}, "dagnam\\_core\\client\\common.py": {"executed_lines": [1, 7, 9, 10, 11, 13, 34, 35, 36, 39, 44, 46, 49, 57, 67, 68, 70, 71, 72, 75, 76, 79, 81, 82,
[...]
ranches": 1}, "missing_lines": [108], "excluded_lines": [], "executed_branches": [[107, 109], [109, 110], [109, 111]], "missing_branches": [[107, 108]]}, "update": {"executed_lines": [126, 127, 128, 129, 130, 131], "summary": {"covered_lines": 6, "num_statements": 6, "percent_covered": 100.0, "percent_covered_display": "100", "missing_lines": 0, "excluded_lines": 0, "num_branches": 4, "num_partial_branches": 0, "covered_branches": 4, "missing_branches": 0}, "missing_lines": [], "excluded_lines": [], "executed_branches": [[128, 129], [128, 131], [129, 128], [129, 130]], "missing_branches": []}, "delete": {"executed_lines": [142, 143], "summary": {"covered_lines": 2, "num_statements": 2, "percent_covered": 100.0, "percent_covered_display": "100", "missing_lines": 0, "excluded_lines": 0, "num_branches": 0, "num_partial_branches": 0, "covered_branches": 0, "missing_branches": 0}, "missing_lines": [], "excluded_lines": [], "executed_branches": [], "missing_branches": []}, "duplicate": {"executed_lines": [158, 159, 160], "summary": {"covered_lines": 3, "num_statements": 3, "percent_covered": 100.0, "percent_covered_display": "100", "missing_lines": 0, "excluded_lines": 0, "num_branches": 0, "num_partial_branches": 0, "covered_branches": 0, "missing_branches": 0}, "missing_lines": [], "excluded_lines": [], "executed_branches": [], "missing_branches": []}, "save_architecture": {"executed_lines": [174, 175, 179, 180, 181], "summary": {"covered_lines": 5, "num_statements": 5, "percent_covered": 85.71428571428571, "percent_covered_display": "86", "missing_lines": 0, "excluded_lines": 0, "num_branches": 2, "num_partial_branches": 1, "covered_branches": 1, "missing_branches": 1}, "missing_lines": [], "excluded_lines": [], "executed_branches": [[179, 180]], "missing_branches": [[179, 181]]}, "import_dag": {"executed_lines": [206, 207, 213, 215, 216, 217, 219], "summary": {"covered_lines": 7, "num_statements": 9, "percent_covered": 66.66666666666667, "percent_covered_display": "67", "missing_lines": 2, "excluded_lines": 0, "num_branches": 6, "num_partial_branches": 3, "covered_branches": 3, "missing_branches": 3}, "missing_lines": [214, 218], "excluded_lines": [], "executed_branches": [[213, 215], [215, 216], [217, 219]], "missing_branches": [[213, 214], [215, 217], [217, 218]]}, "import_dag_existing": {"executed_lines": [232, 233, 234, 235, 236], "summary": {"covered_lines": 5, "num_statements": 5, "percent_covered": 85.71428571428571, "percent_covered_display": "86", "missing_lines": 0, "excluded_lines": 0, "num_branches": 2, "num_partial_branches": 1, "covered_branches": 1, "missing_branches": 1}, "missing_lines": [], "excluded_lines": [], "executed_branches": [[234, 235]], "missing_branches": [[234, 236]]}, "bulk_delete": {"executed_lines": [252, 253], "summary": {"covered_lines": 2, "num_statements": 2, "percent_covered": 100.0, "percent_covered_display": "100", "missing_lines": 0, "excluded_lines": 0, "num_branches": 0, "num_partial_branches": 0, "covered_branches": 0, "missing_branches": 0}, "missing_lines": [], "excluded_lines": [], "executed_branches": [], "missing_branches": []}, "link_dataset": {"executed_lines": [268, 269], "summary": {"covered_lines": 2, "num_statements": 2, "percent_covered": 100.0, "percent_covered_display": "100", "missing_lines": 0, "excluded_lines": 0, "num_branches": 0, "num_partial_branches": 0, "covered_branches": 0, "missing_branches": 0}, "missing_lines": [], "excluded_lines": [], "executed_branches": [], "missing_branches": []}, "get_datasets": {"executed_lines": [283, 284], "summary": {"covered_lines": 2, "num_statements": 2, "percent_covered": 100.0, "percent_covered_display": "100", "missing_lines": 0, "excluded_lines": 0, "num_branches": 0, "num_partial_branches": 0, "covered_branches": 0, "missing_branches": 0}, "missing_lines": [], "excluded_lines": [], "executed_branches": [], "missing_branches": []}, "unlink_dataset": {"executed_lines": [296, 297], "summary": {"covered_lines": 2, "num_statements": 2, "percent_covered": 100.0, "percent_covered_display": "100", "missing_lines": 0, "excluded_lines": 0, "num_branches": 0, "num_partial_branches": 0, "covered_branches": 0, "missing_branches": 0}, "missing_lines": [], "excluded_lines": [], "executed_branches": [], "missing_branches": []}, "": {"executed_lines": [1, 10, 12, 13, 15, 16, 19, 30, 69, 86, 114, 134, 146, 163, 189, 222, 244, 258, 275, 287, 303], "summary": {"covered_lines": 20, "num_statements": 20, "percent_covered": 100.0, "percent_covered_display": "100", "missing_lines": 0, "excluded_lines": 0, "num_branches": 0, "num_partial_branches": 0, "covered_branches": 0, "missing_branches": 0}, "missing_lines": [], "excluded_lines": [], "executed_branches": [], "missing_branches": []}}, "classes": {"": {"executed_lines": [1, 10, 12, 13, 15, 16, 19, 20, 22, 30, 49, 50, 56, 57, 58, 59, 60, 61, 62, 63, 64, 65, 66, 69, 77, 78, 86, 101, 102, 107, 109, 110, 111, 114, 126, 127, 128, 129, 130, 131, 134, 142, 143, 146, 158, 159, 160, 163, 174, 175, 179, 180, 181, 189, 206, 207, 213, 215, 216, 217, 219, 222, 232, 233, 234, 235, 236, 244, 252, 253, 258, 268, 269, 275, 283, 284, 287, 296, 297, 303], "summary": {"covered_lines": 79, "num_statements": 83, "percent_covered": 90.26548672566372, "percent_covered_display": "90", "missing_lines": 4, "excluded_lines": 0, "num_branches": 30, "num_partial_branches": 7, "covered_branches": 23, "missing_branches": 7}, "missing_lines": [21, 108, 214, 218], "excluded_lines": [], "executed_branches": [[20, 22], [56, 57], [56, 58], [58, 59], [58, 60], [60, 61], [60, 62], [62, 63], [62, 64], [64, 65], [64, 66], [107, 109], [109, 110], [109, 111], [128, 129], [128, 131], [129, 128], [129, 130], [179, 180], [213, 215], [215, 216], [217, 219], [234, 235]], "missing_branches": [[20, 21], [107, 108], [179, 181], [213, 214], [215, 217], [217, 218], [234, 236]]}}}, "dagnam\\resources\\training.py": {"executed_lines": [1, 7, 9, 10, 11, 12, 13, 14, 16, 18, 19, 20, 22, 23, 24, 27, 28, 29, 31, 32, 33, 34, 37, 38, 39, 40, 41, 42, 43, 45, 46, 47, 48, 52, 55, 74, 75, 82, 83, 84, 86, 87, 88, 89, 90, 91, 92, 93, 94, 95, 96, 97, 98, 104, 105, 109, 110, 111, 115, 116], "summary": {"covered_lines": 58, "num_statements": 64, "percent_covered": 90.54054054054055, "percent_covered_display": "91", "missing_lines": 6, "excluded_lines": 2, "num_branches": 10, "num_partial_branches": 1, "covered_branches": 9, "missing_branches": 1}, "missing_lines": [49, 50, 100, 102, 106, 107], "excluded_lines": [76, 77], "executed_branches": [[90, 91], [90, 104], [92, 93], [94, 95], [94, 96], [97, 90], [97, 98], [110, 111], [110, 115]], "missing_branches": [[92, 94]], "functions": {"_parse_event": {"executed_lines": [38, 39, 40, 41, 42, 43, 45, 46, 47, 48, 52], "summary": {"covered_lines": 11, "num_statements": 13, "percent_covered": 84.61538461538461, "percent_covered_display": "85", "missing_lines": 2, "excluded_lines": 0, "num_branches": 0, "num_partial_branches": 0, "covered_branches": 0, "missing_branches": 0}, "missing_lines": [49, 50], "excluded_lines": [], "executed_branches": [], "missing_branches": []}, "stream_training": {"executed_lines": [74, 75, 82, 83, 84, 86, 87, 88, 89, 90, 91, 92, 93, 94, 95, 96, 97, 98, 104, 105, 109, 110, 111, 115, 116], "summary": {"covered_lines": 25, "num_statements": 29, "percent_covered": 87.17948717948718, "percent_covered_display": "87", "missing_lines": 4, "excluded_lines": 2, "num_branches": 10, "num_partial_branches": 1, "covered_branches": 9, "missing_branches": 1}, "missing_lines": [100, 102, 106, 107], "excluded_lines": [76, 77], "executed_branches": [[90, 91], [90, 104], [92, 93], [94, 95], [94, 96], [97, 90], [97, 98], [110, 111], [110, 115]], "missing_branches": [[92, 94]]}, "": {"executed_lines": [1, 7, 9, 10, 11, 12, 13, 14, 16, 18, 19, 20, 22, 23, 24, 27, 28, 29, 31, 32, 33, 34, 37, 55], "summary": {"covered_lines": 22, "num_statements": 22, "percent_covered": 100.0, "percent_covered_display": "100", "missing_lines": 0, "excluded_lines": 0, "num_branches": 0, "num_partial_branches": 0, "covered_branches": 0, "missing_branches": 0}, "missing_lines": [], "excluded_lines": [], "executed_branches": [], "missing_branches": []}}, "classes": {"TrainingEvent": {"executed_lines": [], "summary": {"covered_lines": 0, "num_statements": 0, "percent_covered": 100.0, "percent_covered_display": "100", "missing_lines": 0, "excluded_lines": 0, "num_branches": 0, "num_partial_branches": 0, "covered_branches": 0, "missing_branches": 0}, "missing_lines": [], "excluded_lines": [], "executed_branches": [], "missing_branches": []}, "": {"executed_lines": [1, 7, 9, 10, 11, 12, 13, 14, 16, 18, 19, 20, 22, 23, 24, 27, 28, 29, 31, 32, 33, 34, 37, 38, 39, 40, 41, 42, 43, 45, 46, 47, 48, 52, 55, 74, 75, 82, 83, 84, 86, 87, 88, 89, 90, 91, 92, 93, 94, 95, 96, 97, 98, 104, 105, 109, 110, 111, 115, 116], "summary": {"covered_lines": 58, "num_statements": 64, "percent_covered": 90.54054054054055, "percent_covered_display": "91", "missing_lines": 6, "excluded_lines": 2, "num_branches": 10, "num_partial_branches": 1, "covered_branches": 9, "missing_branches": 1}, "missing_lines": [49, 50, 100, 102, 106, 107], "excluded_lines": [76, 77], "executed_branches": [[90, 91], [90, 104], [92, 93], [94, 95], [94, 96], [97, 90], [97, 98], [110, 111], [110, 115]], "missing_branches": [[92, 94]]}}}, "dagnam\\services\\__init__.py": {"executed_lines": [], "summary": {"covered_lines": 0, "num_statements": 2, "percent_covered": 0.0, "percent_covered_display": "0", "missing_lines": 2, "excluded_lines": 0, "num_branches": 0, "num_partial_branches": 0, "covered_branches": 0, "missing_branches": 0}, "missing_lines": [3, 5], "excluded_lines": [], "executed_branches": [], "missing_branches": [], "functions": {"": {"executed_lines": [], "summary": {"covered_lines": 0, "num_statements": 2, "percent_covered": 0.0, "percent_covered_display": "0", "missing_lines": 2, "excluded_lines": 0, "num_branches": 0, "num_partial_branches": 0, "covered_branches": 0, "missing_branches": 0}, "missing_lines": [3, 5], "excluded_lines": [], "executed_branches": [], "missing_branches": []}}, "classes": {"": {"executed_lines": [], "summary": {"covered_lines": 0, "num_statements": 2, "percent_covered": 0.0, "percent_covered_display": "0", "missing_lines": 2, "excluded_lines": 0, "num_branches": 0, "num_partial_branches": 0, "covered_branches": 0, "missing_branches": 0}, "missing_lines": [3, 5], "excluded_lines": [], "executed_branches": [], "missing_branches": []}}}, "dagnam\\services\\checkpoints.py": {"executed_lines": [], "summary": {"covered_lines": 0, "num_statements": 2, "percent_covered": 0.0, "percent_covered_display": "0", "missing_lines": 2, "excluded_lines": 0, "num_branches": 0, "num_partial_branches": 0, "covered_branches": 0, "missing_branches": 0}, "missing_lines": [3, 4], "excluded_lines": [], "executed_branches": [], "missing_branches": [], "functions": {"": {"executed_lines": [], "summary": {"covered_lines": 0, "num_statements": 2, "percent_covered": 0.0, "percent_covered_display": "0", "missing_lines": 2, "excluded_lines": 0, "num_branches": 0, "num_partial_branches": 0, "covered_branches": 0, "missing_branches": 0}, "missing_lines": [3, 4], "excluded_lines": [], "executed_branches": [], "missing_branches": []}}, "classes": {"": {"executed_lines": [], "summary": {"covered_lines": 0, "num_statements": 2, "percent_covered": 0.0, "percent_covered_display": "0", "missing_lines": 2, "excluded_lines": 0, "num_branches": 0, "num_partial_branches": 0, "covered_branches": 0, "missing_branches": 0}, "missing_lines": [3, 4], "excluded_lines": [], "executed_branches": [], "missing_branches": []}}}, "dagnam\\services\\codegen.py": {"executed_lines": [], "summary": {"covered_lines": 0, "num_statements": 1, "percent_covered": 0.0, "percent_covered_display": "0", "missing_lines": 1, "excluded_lines": 0, "num_branches": 0, "num_partial_branches": 0, "covered_branches": 0, "missing_branches": 0}, "missing_lines": [3], "excluded_lines": [], "executed_branches": [], "missing_branches": [], "functions": {"": {"executed_lines": [], "summary": {"covered_lines": 0, "num_statements": 1, "percent_covered": 0.0, "percent_covered_display": "0", "missing_lines": 1, "excluded_lines": 0, "num_branches": 0, "num_partial_branches": 0, "covered_branches": 0, "missing_branches": 0}, "missing_lines": [3], "excluded_lines": [], "executed_branches": [], "missing_branches": []}}, "classes": {"": {"executed_lines": [], "summary": {"covered_lines": 0, "num_statements": 1, "percent_covered": 0.0, "percent_covered_display": "0", "missing_lines": 1, "excluded_lines": 0, "num_branches": 0, "num_partial_branches": 0, "covered_branches": 0, "missing_branches": 0}, "missing_lines": [3], "excluded_lines": [], "executed_branches": [], "missing_branches": []}}}, "dagnam\\services\\datasets_upload.py": {"executed_lines": [], "summary": {"covered_lines": 0, "num_statements": 1, "percent_covered": 0.0, "percent_covered_display": "0", "missing_lines": 1, "excluded_lines": 0, "num_branches": 0, "num_partial_branches": 0, "covered_branches": 0, "missing_branches": 0}, "missing_lines": [3], "excluded_lines": [], "executed_branches": [], "missing_branches": [], "functions": {"": {"executed_lines": [], "summary": {"covered_lines": 0, "num_statements": 1, "percent_covered": 0.0, "percent_covered_display": "0", "missing_lines": 1, "excluded_lines": 0, "num_branches": 0, "num_partial_branches": 0, "covered_branches": 0, "missing_branches": 0}, "missing_lines": [3], "excluded_lines": [], "executed_branches": [], "missing_branches": []}}, "classes": {"": {"executed_lines": [], "summary": {"covered_lines": 0, "num_statements": 1, "percent_covered": 0.0, "percent_covered_display": "0", "missing_lines": 1, "excluded_lines": 0, "num_branches": 0, "num_partial_branches": 0, "covered_branches": 0, "missing_branches": 0}, "missing_lines": [3], "excluded_lines": [], "executed_branches": [], "missing_branches": []}}}, "dagnam\\services\\deployments.py": {"executed_lines": [], "summary": {"covered_lines": 0, "num_statements": 1, "percent_covered": 0.0, "percent_covered_display": "0", "missing_lines": 1, "excluded_lines": 0, "num_branches": 0, "num_partial_branches": 0, "covered_branches": 0, "missing_branches": 0}, "missing_lines": [3], "excluded_lines": [], "executed_branches": [], "missing_branches": [], "functions": {"": {"executed_lines": [], "summary": {"covered_lines": 0, "num_statements": 1, "percent_covered": 0.0, "percent_covered_display": "0", "missing_lines": 1, "excluded_lines": 0, "num_branches": 0, "num_partial_branches": 0, "covered_branches": 0, "missing_branches": 0}, "missing_lines": [3], "excluded_lines": [], "executed_branches": [], "missing_branches": []}}, "classes": {"": {"executed_lines": [], "summary": {"covered_lines": 0, "num_statements": 1, "percent_covered": 0.0, "percent_covered_display": "0", "missing_lines": 1, "excluded_lines": 0, "num_branches": 0, "num_partial_branches": 0, "covered_branches": 0, "missing_branches": 0}, "missing_lines": [3], "excluded_lines": [], "executed_branches": [], "missing_branches": []}}}, "dagnam\\services\\hub.py": {"executed_lines": [], "summary": {"covered_lines": 0, "num_statements": 1, "percent_covered": 0.0, "percent_covered_display": "0", "missing_lines": 1, "excluded_lines": 0, "num_branches": 0, "num_partial_branches": 0, "covered_branches": 0, "missing_branches": 0}, "missing_lines": [3], "excluded_lines": [], "executed_branches": [], "missing_branches": [], "functions": {"": {"executed_lines": [], "summary": {"covered_lines": 0, "num_statements": 1, "percent_covered": 0.0, "percent_covered_display": "0", "missing_lines": 1, "excluded_lines": 0, "num_branches": 0, "num_partial_branches": 0, "covered_branches": 0, "missing_branches": 0}, "missing_lines": [3], "excluded_lines": [], "executed_branches": [], "missing_branches": []}}, "classes": {"": {"executed_lines": [], "summary": {"covered_lines": 0, "num_statements": 1, "percent_covered": 0.0, "percent_covered_display": "0", "missing_lines": 1, "excluded_lines": 0, "num_branches": 0, "num_partial_branches": 0, "covered_branches": 0, "missing_branches": 0}, "missing_lines": [3], "excluded_lines": [], "executed_branches": [], "missing_branches": []}}}, "dagnam\\services\\inference.py": {"executed_lines": [], "summary": {"covered_lines": 0, "num_statements": 1, "percent_covered": 0.0, "percent_covered_display": "0", "missing_lines": 1, "excluded_lines": 0, "num_branches": 0, "num_partial_branches": 0, "covered_branches": 0, "missing_branches": 0}, "missing_lines": [3], "excluded_lines": [], "executed_branches": [], "missing_branches": [], "functions": {"": {"executed_lines": [], "summary": {"covered_lines": 0, "num_statements": 1, "percent_covered": 0.0, "percent_covered_display": "0", "missing_lines": 1, "excluded_lines": 0, "num_branches": 0, "num_partial_branches": 0, "covered_branches": 0, "missing_branches": 0}, "missing_lines": [3], "excluded_lines": [], "executed_branches": [], "missing_branches": []}}, "classes": {"": {"executed_lines": [], "summary": {"covered_lines": 0, "num_statements": 1, "percent_covered": 0.0, "percent_covered_display": "0", "missing_lines": 1, "excluded_lines": 0, "num_branches": 0, "num_partial_branches": 0, "covered_branches": 0, "missing_branches": 0}, "missing_lines": [3], "excluded_lines": [], "executed_branches": [], "missing_branches": []}}}, "dagnam\\services\\projects.py": {"executed_lines": [], "summary": {"covered_lines": 0, "num_statements": 1, "percent_covered": 0.0, "percent_covered_display": "0", "missing_lines": 1, "excluded_lines": 0, "num_branches": 0, "num_partial_branches": 0, "covered_branches": 0, "missing_branches": 0}, "missing_lines": [3], "excluded_lines": [], "executed_branches": [], "missing_branches": [], "functions": {"": {"executed_lines": [], "summary": {"covered_lines": 0, "num_statements": 1, "percent_covered": 0.0, "percent_covered_display": "0", "missing_lines": 1, "excluded_lines": 0, "num_branches": 0, "num_partial_branches": 0, "covered_branches": 0, "missing_branches": 0}, "missing_lines": [3], "excluded_lines": [], "executed_branches": [], "missing_branches": []}}, "classes": {"": {"executed_lines": [], "summary": {"covered_lines": 0, "num_statements": 1, "percent_covered": 0.0, "percent_covered_display": "0", "missing_lines": 1, "excluded_lines": 0, "num_branches": 0, "num_partial_branches": 0, "covered_branches": 0, "missing_branches": 0}, "missing_lines": [3], "excluded_lines": [], "executed_branches": [], "missing_branches": []}}}, "dagnam\\services\\training.py": {"executed_lines": [], "summary": {"covered_lines": 0, "num_statements": 2, "percent_covered": 0.0, "percent_covered_display": "0", "missing_lines": 2, "excluded_lines": 0, "num_branches": 0, "num_partial_branches": 0, "covered_branches": 0, "missing_branches": 0}, "missing_lines": [3, 4], "excluded_lines": [], "executed_branches": [], "missing_branches": [], "functions": {"": {"executed_lines": [], "summary": {"covered_lines": 0, "num_statements": 2, "percent_covered": 0.0, "percent_covered_display": "0", "missing_lines": 2, "excluded_lines": 0, "num_branches": 0, "num_partial_branches": 0, "covered_branches": 0, "missing_branches": 0}, "missing_lines": [3, 4], "excluded_lines": [], "executed_branches": [], "missing_branches": []}}, "classes": {"": {"executed_lines": [], "summary": {"covered_lines": 0, "num_statements": 2, "percent_covered": 0.0, "percent_covered_display": "0", "missing_lines": 2, "excluded_lines": 0, "num_branches": 0, "num_partial_branches": 0, "covered_branches": 0, "missing_branches": 0}, "missing_lines": [3, 4], "excluded_lines": [], "executed_branches": [], "missing_branches": []}}}}, "totals": {"covered_lines": 2314, "num_statements": 4189, "percent_covered": 51.70465247692597, "percent_covered_display": "52", "missing_lines": 1875, "excluded_lines": 28, "num_branches": 1120, "num_partial_branches": 141, "covered_branches": 431, "missing_branches": 689}}